#
# There is insufficient memory for the Java Runtime Environment to continue.
# Native memory allocation (malloc) failed to allocate 529952 bytes for Chunk::new
# Possible reasons:
#   The system is out of physical RAM or swap space
#   The process is running with CompressedOops enabled, and the Java Heap may be blocking the growth of the native heap
# Possible solutions:
#   Reduce memory load on the system
#   Increase physical memory or swap space
#   Check if swap backing store is full
#   Decrease Java heap size (-Xmx/-Xms)
#   Decrease number of Java threads
#   Decrease Java thread stack sizes (-Xss)
#   Set larger code cache with -XX:ReservedCodeCacheSize=
#   JVM is running with Unscaled Compressed Oops mode in which the Java heap is
#     placed in the first 4GB address space. The Java Heap base address is the
#     maximum limit for the native heap growth. Please use -XX:HeapBaseMinAddress
#     to set the Java Heap base and to place the Java Heap above 4GB virtual address.
# This output file may be truncated or incomplete.
#
#  Out of Memory Error (arena.cpp:189), pid=21392, tid=21068
#
# JRE version: Java(TM) SE Runtime Environment (17.0.3.1+2) (build 17.0.3.1+2-LTS-6)
# Java VM: Java HotSpot(TM) 64-Bit Server VM (17.0.3.1+2-LTS-6, mixed mode, sharing, tiered, compressed oops, compressed class ptrs, g1 gc, windows-amd64)
# No core dump will be written. Minidumps are not enabled by default on client versions of Windows
#

---------------  S U M M A R Y ------------

Command Line: -Dmaven.multiModuleProjectDirectory=E:\IdeaProject\crm\crm-mybatis-generator -Dmaven.home=D:\maven\apache-maven-3.8.5-bin\apache-maven-3.8.5 -Dclassworlds.conf=D:\maven\apache-maven-3.8.5-bin\apache-maven-3.8.5\bin\m2.conf -Dmaven.ext.class.path=E:\idea\IntelliJ IDEA Community Edition 2022.1.3\plugins\maven\lib\maven-event-listener.jar -javaagent:E:\idea\IntelliJ IDEA Community Edition 2022.1.3\lib\idea_rt.jar=55229:E:\idea\IntelliJ IDEA Community Edition 2022.1.3\bin -Dfile.encoding=UTF-8 org.codehaus.classworlds.Launcher -Didea.version=2022.1.3 -s D:\maven\apache-maven-3.8.5-bin\apache-maven-3.8.5\conf\settings.xml org.mybatis.generator:mybatis-generator-maven-plugin:1.3.2:generate

Host: AMD Ryzen 5 3500U with Radeon Vega Mobile Gfx  , 8 cores, 5G,  Windows 10 , 64 bit Build 19041 (10.0.19041.2546)
Time: Tue Feb 28 11:40:53 2023  Windows 10 , 64 bit Build 19041 (10.0.19041.2546) elapsed time: 1.315923 seconds (0d 0h 0m 1s)

---------------  T H R E A D  ---------------

Current thread (0x0000015f5160d240):  JavaThread "C2 CompilerThread2" daemon [_thread_in_native, id=21068, stack(0x00000014a8c00000,0x00000014a8d00000)]


Current CompileTask:
C2:   1316  966   !   4       sun.nio.cs.StreamDecoder::read (196 bytes)

Stack: [0x00000014a8c00000,0x00000014a8d00000]
Native frames: (J=compiled Java code, j=interpreted, Vv=VM code, C=native code)
V  [jvm.dll+0x6711ba]
V  [jvm.dll+0x7d0834]
V  [jvm.dll+0x7d1fde]
V  [jvm.dll+0x7d2643]
V  [jvm.dll+0x242c85]
V  [jvm.dll+0xaa57b]
V  [jvm.dll+0xaab0c]
V  [jvm.dll+0x35ff77]
V  [jvm.dll+0x32a581]
V  [jvm.dll+0x329a2a]
V  [jvm.dll+0x215d61]
V  [jvm.dll+0x215181]
V  [jvm.dll+0x1a1c3d]
V  [jvm.dll+0x2249c8]
V  [jvm.dll+0x222b2c]
V  [jvm.dll+0x78650b]
V  [jvm.dll+0x780aca]
V  [jvm.dll+0x670045]
C  [ucrtbase.dll+0x21bb2]
C  [KERNEL32.DLL+0x17614]
C  [ntdll.dll+0x526a1]


---------------  P R O C E S S  ---------------

Threads class SMR info:
_java_thread_list=0x0000015f5151c720, length=15, elements={
0x0000015f331e20d0, 0x0000015f50010ad0, 0x0000015f50011940, 0x0000015f5002a740,
0x0000015f5002d3c0, 0x0000015f5002f680, 0x0000015f5003b840, 0x0000015f5003e410,
0x0000015f5003f4b0, 0x0000015f5004aa30, 0x0000015f50c58160, 0x0000015f50d7f430,
0x0000015f50d37fe0, 0x0000015f510f4ce0, 0x0000015f5160d240
}

Java Threads: ( => current thread )
  0x0000015f331e20d0 JavaThread "main" [_thread_in_Java, id=21308, stack(0x00000014a7700000,0x00000014a7800000)]
  0x0000015f50010ad0 JavaThread "Reference Handler" daemon [_thread_blocked, id=18408, stack(0x00000014a7e00000,0x00000014a7f00000)]
  0x0000015f50011940 JavaThread "Finalizer" daemon [_thread_blocked, id=16844, stack(0x00000014a7f00000,0x00000014a8000000)]
  0x0000015f5002a740 JavaThread "Signal Dispatcher" daemon [_thread_blocked, id=14300, stack(0x00000014a8000000,0x00000014a8100000)]
  0x0000015f5002d3c0 JavaThread "Attach Listener" daemon [_thread_blocked, id=9004, stack(0x00000014a8100000,0x00000014a8200000)]
  0x0000015f5002f680 JavaThread "Service Thread" daemon [_thread_blocked, id=17220, stack(0x00000014a8200000,0x00000014a8300000)]
  0x0000015f5003b840 JavaThread "Monitor Deflation Thread" daemon [_thread_blocked, id=20296, stack(0x00000014a8300000,0x00000014a8400000)]
  0x0000015f5003e410 JavaThread "C2 CompilerThread0" daemon [_thread_in_native, id=17988, stack(0x00000014a8400000,0x00000014a8500000)]
  0x0000015f5003f4b0 JavaThread "C1 CompilerThread0" daemon [_thread_blocked, id=13408, stack(0x00000014a8500000,0x00000014a8600000)]
  0x0000015f5004aa30 JavaThread "Sweeper thread" daemon [_thread_blocked, id=13400, stack(0x00000014a8600000,0x00000014a8700000)]
  0x0000015f50c58160 JavaThread "Common-Cleaner" daemon [_thread_blocked, id=20684, stack(0x00000014a8700000,0x00000014a8800000)]
  0x0000015f50d7f430 JavaThread "Monitor Ctrl-Break" daemon [_thread_in_native, id=21212, stack(0x00000014a8800000,0x00000014a8900000)]
  0x0000015f50d37fe0 JavaThread "Notification Thread" daemon [_thread_blocked, id=7488, stack(0x00000014a8900000,0x00000014a8a00000)]
  0x0000015f510f4ce0 JavaThread "C2 CompilerThread1" daemon [_thread_in_native, id=20604, stack(0x00000014a8b00000,0x00000014a8c00000)]
=>0x0000015f5160d240 JavaThread "C2 CompilerThread2" daemon [_thread_in_native, id=21068, stack(0x00000014a8c00000,0x00000014a8d00000)]

Other Threads:
  0x0000015f50009b20 VMThread "VM Thread" [stack: 0x00000014a7d00000,0x00000014a7e00000] [id=2632]
  0x0000015f33244600 WatcherThread [stack: 0x00000014a8a00000,0x00000014a8b00000] [id=7904]
  0x0000015f3322ce90 GCTaskThread "GC Thread#0" [stack: 0x00000014a7800000,0x00000014a7900000] [id=15412]
  0x0000015f51872d00 GCTaskThread "GC Thread#1" [stack: 0x00000014a8d00000,0x00000014a8e00000] [id=20204]
  0x0000015f515febd0 GCTaskThread "GC Thread#2" [stack: 0x00000014a8e00000,0x00000014a8f00000] [id=16208]
  0x0000015f517c13e0 GCTaskThread "GC Thread#3" [stack: 0x00000014a8f00000,0x00000014a9000000] [id=17980]
  0x0000015f517d4390 GCTaskThread "GC Thread#4" [stack: 0x00000014a9000000,0x00000014a9100000] [id=2676]
  0x0000015f517d4640 GCTaskThread "GC Thread#5" [stack: 0x00000014a9100000,0x00000014a9200000] [id=21076]
  0x0000015f517d5b20 GCTaskThread "GC Thread#6" [stack: 0x00000014a9200000,0x00000014a9300000] [id=21444]
  0x0000015f33239c10 ConcurrentGCThread "G1 Main Marker" [stack: 0x00000014a7900000,0x00000014a7a00000] [id=4276]
  0x0000015f3323cde0 ConcurrentGCThread "G1 Conc#0" [stack: 0x00000014a7a00000,0x00000014a7b00000] [id=484]
  0x0000015f332b77f0 ConcurrentGCThread "G1 Refine#0" [stack: 0x00000014a7b00000,0x00000014a7c00000] [id=4696]
  0x0000015f332b8210 ConcurrentGCThread "G1 Service" [stack: 0x00000014a7c00000,0x00000014a7d00000] [id=2452]

Threads with active compile tasks:
C2 CompilerThread0     1410  964       4       java.nio.Buffer::<init> (105 bytes)
C1 CompilerThread0     1410 1111   !   3       java.io.BufferedReader::readLine (327 bytes)
C2 CompilerThread1     1411  980   !   4       sun.nio.cs.StreamDecoder::read0 (116 bytes)
C2 CompilerThread2     1411  966   !   4       sun.nio.cs.StreamDecoder::read (196 bytes)

VM state: not at safepoint (normal execution)

VM Mutex/Monitor currently owned by a thread:  ([mutex/lock_event])
[0x0000015f331ddb70] Compile_lock - owner thread: 0x0000000000000000

Heap address: 0x00000000a0e00000, size: 1522 MB, Compressed Oops mode: 32-bit

CDS archive(s) mapped at: [0x0000000800000000-0x0000000800bc0000-0x0000000800bc0000), size 12320768, SharedBaseAddress: 0x0000000800000000, ArchiveRelocationMode: 0.
Compressed class space mapped at: 0x0000000800c00000-0x0000000840c00000, reserved size: 1073741824
Narrow klass base: 0x0000000800000000, Narrow klass shift: 0, Narrow klass range: 0x100000000

GC Precious Log:
 CPUs: 8 total, 8 available
 Memory: 6082M
 Large Page Support: Disabled
 NUMA Support: Disabled
 Compressed Oops: Enabled (32-bit)
 Heap Region Size: 1M
 Heap Min Capacity: 8M
 Heap Initial Capacity: 96M
 Heap Max Capacity: 1522M
 Pre-touch: Disabled
 Parallel Workers: 8
 Concurrent Workers: 2
 Concurrent Refinement Workers: 8
 Periodic GC: Disabled

Heap:
 garbage-first heap   total 98304K, used 7886K [0x00000000a0e00000, 0x0000000100000000)
  region size 1024K, 8 young (8192K), 3 survivors (3072K)
 Metaspace       used 5559K, committed 5760K, reserved 1056768K
  class space    used 640K, committed 768K, reserved 1048576K

Heap Regions: E=young(eden), S=young(survivor), O=old, HS=humongous(starts), HC=humongous(continues), CS=collection set, F=free, OA=open archive, CA=closed archive, TAMS=top-at-mark-start (previous, next)
|   0|0x00000000a0e00000, 0x00000000a0eb3a00, 0x00000000a0f00000| 70%| O|  |TAMS 0x00000000a0e00000, 0x00000000a0e00000| Untracked 
|   1|0x00000000a0f00000, 0x00000000a0f00000, 0x00000000a1000000|  0%| F|  |TAMS 0x00000000a0f00000, 0x00000000a0f00000| Untracked 
|   2|0x00000000a1000000, 0x00000000a1000000, 0x00000000a1100000|  0%| F|  |TAMS 0x00000000a1000000, 0x00000000a1000000| Untracked 
|   3|0x00000000a1100000, 0x00000000a1100000, 0x00000000a1200000|  0%| F|  |TAMS 0x00000000a1100000, 0x00000000a1100000| Untracked 
|   4|0x00000000a1200000, 0x00000000a1200000, 0x00000000a1300000|  0%| F|  |TAMS 0x00000000a1200000, 0x00000000a1200000| Untracked 
|   5|0x00000000a1300000, 0x00000000a1300000, 0x00000000a1400000|  0%| F|  |TAMS 0x00000000a1300000, 0x00000000a1300000| Untracked 
|   6|0x00000000a1400000, 0x00000000a1400000, 0x00000000a1500000|  0%| F|  |TAMS 0x00000000a1400000, 0x00000000a1400000| Untracked 
|   7|0x00000000a1500000, 0x00000000a1500000, 0x00000000a1600000|  0%| F|  |TAMS 0x00000000a1500000, 0x00000000a1500000| Untracked 
|   8|0x00000000a1600000, 0x00000000a1600000, 0x00000000a1700000|  0%| F|  |TAMS 0x00000000a1600000, 0x00000000a1600000| Untracked 
|   9|0x00000000a1700000, 0x00000000a1700000, 0x00000000a1800000|  0%| F|  |TAMS 0x00000000a1700000, 0x00000000a1700000| Untracked 
|  10|0x00000000a1800000, 0x00000000a1800000, 0x00000000a1900000|  0%| F|  |TAMS 0x00000000a1800000, 0x00000000a1800000| Untracked 
|  11|0x00000000a1900000, 0x00000000a1900000, 0x00000000a1a00000|  0%| F|  |TAMS 0x00000000a1900000, 0x00000000a1900000| Untracked 
|  12|0x00000000a1a00000, 0x00000000a1a00000, 0x00000000a1b00000|  0%| F|  |TAMS 0x00000000a1a00000, 0x00000000a1a00000| Untracked 
|  13|0x00000000a1b00000, 0x00000000a1b00000, 0x00000000a1c00000|  0%| F|  |TAMS 0x00000000a1b00000, 0x00000000a1b00000| Untracked 
|  14|0x00000000a1c00000, 0x00000000a1c00000, 0x00000000a1d00000|  0%| F|  |TAMS 0x00000000a1c00000, 0x00000000a1c00000| Untracked 
|  15|0x00000000a1d00000, 0x00000000a1d00000, 0x00000000a1e00000|  0%| F|  |TAMS 0x00000000a1d00000, 0x00000000a1d00000| Untracked 
|  16|0x00000000a1e00000, 0x00000000a1e00000, 0x00000000a1f00000|  0%| F|  |TAMS 0x00000000a1e00000, 0x00000000a1e00000| Untracked 
|  17|0x00000000a1f00000, 0x00000000a1f00000, 0x00000000a2000000|  0%| F|  |TAMS 0x00000000a1f00000, 0x00000000a1f00000| Untracked 
|  18|0x00000000a2000000, 0x00000000a2000000, 0x00000000a2100000|  0%| F|  |TAMS 0x00000000a2000000, 0x00000000a2000000| Untracked 
|  19|0x00000000a2100000, 0x00000000a2100000, 0x00000000a2200000|  0%| F|  |TAMS 0x00000000a2100000, 0x00000000a2100000| Untracked 
|  20|0x00000000a2200000, 0x00000000a2200000, 0x00000000a2300000|  0%| F|  |TAMS 0x00000000a2200000, 0x00000000a2200000| Untracked 
|  21|0x00000000a2300000, 0x00000000a2300000, 0x00000000a2400000|  0%| F|  |TAMS 0x00000000a2300000, 0x00000000a2300000| Untracked 
|  22|0x00000000a2400000, 0x00000000a2400000, 0x00000000a2500000|  0%| F|  |TAMS 0x00000000a2400000, 0x00000000a2400000| Untracked 
|  23|0x00000000a2500000, 0x00000000a2500000, 0x00000000a2600000|  0%| F|  |TAMS 0x00000000a2500000, 0x00000000a2500000| Untracked 
|  24|0x00000000a2600000, 0x00000000a2600000, 0x00000000a2700000|  0%| F|  |TAMS 0x00000000a2600000, 0x00000000a2600000| Untracked 
|  25|0x00000000a2700000, 0x00000000a2700000, 0x00000000a2800000|  0%| F|  |TAMS 0x00000000a2700000, 0x00000000a2700000| Untracked 
|  26|0x00000000a2800000, 0x00000000a2800000, 0x00000000a2900000|  0%| F|  |TAMS 0x00000000a2800000, 0x00000000a2800000| Untracked 
|  27|0x00000000a2900000, 0x00000000a2900000, 0x00000000a2a00000|  0%| F|  |TAMS 0x00000000a2900000, 0x00000000a2900000| Untracked 
|  28|0x00000000a2a00000, 0x00000000a2a00000, 0x00000000a2b00000|  0%| F|  |TAMS 0x00000000a2a00000, 0x00000000a2a00000| Untracked 
|  29|0x00000000a2b00000, 0x00000000a2b00000, 0x00000000a2c00000|  0%| F|  |TAMS 0x00000000a2b00000, 0x00000000a2b00000| Untracked 
|  30|0x00000000a2c00000, 0x00000000a2c00000, 0x00000000a2d00000|  0%| F|  |TAMS 0x00000000a2c00000, 0x00000000a2c00000| Untracked 
|  31|0x00000000a2d00000, 0x00000000a2d00000, 0x00000000a2e00000|  0%| F|  |TAMS 0x00000000a2d00000, 0x00000000a2d00000| Untracked 
|  32|0x00000000a2e00000, 0x00000000a2e00000, 0x00000000a2f00000|  0%| F|  |TAMS 0x00000000a2e00000, 0x00000000a2e00000| Untracked 
|  33|0x00000000a2f00000, 0x00000000a2f00000, 0x00000000a3000000|  0%| F|  |TAMS 0x00000000a2f00000, 0x00000000a2f00000| Untracked 
|  34|0x00000000a3000000, 0x00000000a3000000, 0x00000000a3100000|  0%| F|  |TAMS 0x00000000a3000000, 0x00000000a3000000| Untracked 
|  35|0x00000000a3100000, 0x00000000a3100000, 0x00000000a3200000|  0%| F|  |TAMS 0x00000000a3100000, 0x00000000a3100000| Untracked 
|  36|0x00000000a3200000, 0x00000000a3200000, 0x00000000a3300000|  0%| F|  |TAMS 0x00000000a3200000, 0x00000000a3200000| Untracked 
|  37|0x00000000a3300000, 0x00000000a3300000, 0x00000000a3400000|  0%| F|  |TAMS 0x00000000a3300000, 0x00000000a3300000| Untracked 
|  38|0x00000000a3400000, 0x00000000a3400000, 0x00000000a3500000|  0%| F|  |TAMS 0x00000000a3400000, 0x00000000a3400000| Untracked 
|  39|0x00000000a3500000, 0x00000000a3500000, 0x00000000a3600000|  0%| F|  |TAMS 0x00000000a3500000, 0x00000000a3500000| Untracked 
|  40|0x00000000a3600000, 0x00000000a3600000, 0x00000000a3700000|  0%| F|  |TAMS 0x00000000a3600000, 0x00000000a3600000| Untracked 
|  41|0x00000000a3700000, 0x00000000a3700000, 0x00000000a3800000|  0%| F|  |TAMS 0x00000000a3700000, 0x00000000a3700000| Untracked 
|  42|0x00000000a3800000, 0x00000000a3800000, 0x00000000a3900000|  0%| F|  |TAMS 0x00000000a3800000, 0x00000000a3800000| Untracked 
|  43|0x00000000a3900000, 0x00000000a3900000, 0x00000000a3a00000|  0%| F|  |TAMS 0x00000000a3900000, 0x00000000a3900000| Untracked 
|  44|0x00000000a3a00000, 0x00000000a3a00000, 0x00000000a3b00000|  0%| F|  |TAMS 0x00000000a3a00000, 0x00000000a3a00000| Untracked 
|  45|0x00000000a3b00000, 0x00000000a3b00000, 0x00000000a3c00000|  0%| F|  |TAMS 0x00000000a3b00000, 0x00000000a3b00000| Untracked 
|  46|0x00000000a3c00000, 0x00000000a3c00000, 0x00000000a3d00000|  0%| F|  |TAMS 0x00000000a3c00000, 0x00000000a3c00000| Untracked 
|  47|0x00000000a3d00000, 0x00000000a3d00000, 0x00000000a3e00000|  0%| F|  |TAMS 0x00000000a3d00000, 0x00000000a3d00000| Untracked 
|  48|0x00000000a3e00000, 0x00000000a3e00000, 0x00000000a3f00000|  0%| F|  |TAMS 0x00000000a3e00000, 0x00000000a3e00000| Untracked 
|  49|0x00000000a3f00000, 0x00000000a3f00000, 0x00000000a4000000|  0%| F|  |TAMS 0x00000000a3f00000, 0x00000000a3f00000| Untracked 
|  50|0x00000000a4000000, 0x00000000a4000000, 0x00000000a4100000|  0%| F|  |TAMS 0x00000000a4000000, 0x00000000a4000000| Untracked 
|  51|0x00000000a4100000, 0x00000000a4100000, 0x00000000a4200000|  0%| F|  |TAMS 0x00000000a4100000, 0x00000000a4100000| Untracked 
|  52|0x00000000a4200000, 0x00000000a4200000, 0x00000000a4300000|  0%| F|  |TAMS 0x00000000a4200000, 0x00000000a4200000| Untracked 
|  53|0x00000000a4300000, 0x00000000a4300000, 0x00000000a4400000|  0%| F|  |TAMS 0x00000000a4300000, 0x00000000a4300000| Untracked 
|  54|0x00000000a4400000, 0x00000000a4400000, 0x00000000a4500000|  0%| F|  |TAMS 0x00000000a4400000, 0x00000000a4400000| Untracked 
|  55|0x00000000a4500000, 0x00000000a4500000, 0x00000000a4600000|  0%| F|  |TAMS 0x00000000a4500000, 0x00000000a4500000| Untracked 
|  56|0x00000000a4600000, 0x00000000a4600000, 0x00000000a4700000|  0%| F|  |TAMS 0x00000000a4600000, 0x00000000a4600000| Untracked 
|  57|0x00000000a4700000, 0x00000000a4700000, 0x00000000a4800000|  0%| F|  |TAMS 0x00000000a4700000, 0x00000000a4700000| Untracked 
|  58|0x00000000a4800000, 0x00000000a4800000, 0x00000000a4900000|  0%| F|  |TAMS 0x00000000a4800000, 0x00000000a4800000| Untracked 
|  59|0x00000000a4900000, 0x00000000a4900000, 0x00000000a4a00000|  0%| F|  |TAMS 0x00000000a4900000, 0x00000000a4900000| Untracked 
|  60|0x00000000a4a00000, 0x00000000a4a00000, 0x00000000a4b00000|  0%| F|  |TAMS 0x00000000a4a00000, 0x00000000a4a00000| Untracked 
|  61|0x00000000a4b00000, 0x00000000a4b00000, 0x00000000a4c00000|  0%| F|  |TAMS 0x00000000a4b00000, 0x00000000a4b00000| Untracked 
|  62|0x00000000a4c00000, 0x00000000a4c00000, 0x00000000a4d00000|  0%| F|  |TAMS 0x00000000a4c00000, 0x00000000a4c00000| Untracked 
|  63|0x00000000a4d00000, 0x00000000a4d00000, 0x00000000a4e00000|  0%| F|  |TAMS 0x00000000a4d00000, 0x00000000a4d00000| Untracked 
|  64|0x00000000a4e00000, 0x00000000a4e00000, 0x00000000a4f00000|  0%| F|  |TAMS 0x00000000a4e00000, 0x00000000a4e00000| Untracked 
|  65|0x00000000a4f00000, 0x00000000a4f00000, 0x00000000a5000000|  0%| F|  |TAMS 0x00000000a4f00000, 0x00000000a4f00000| Untracked 
|  66|0x00000000a5000000, 0x00000000a5000000, 0x00000000a5100000|  0%| F|  |TAMS 0x00000000a5000000, 0x00000000a5000000| Untracked 
|  67|0x00000000a5100000, 0x00000000a5100000, 0x00000000a5200000|  0%| F|  |TAMS 0x00000000a5100000, 0x00000000a5100000| Untracked 
|  68|0x00000000a5200000, 0x00000000a5200000, 0x00000000a5300000|  0%| F|  |TAMS 0x00000000a5200000, 0x00000000a5200000| Untracked 
|  69|0x00000000a5300000, 0x00000000a5300000, 0x00000000a5400000|  0%| F|  |TAMS 0x00000000a5300000, 0x00000000a5300000| Untracked 
|  70|0x00000000a5400000, 0x00000000a5500000, 0x00000000a5500000|100%| S|CS|TAMS 0x00000000a5400000, 0x00000000a5400000| Complete 
|  71|0x00000000a5500000, 0x00000000a5600000, 0x00000000a5600000|100%| S|CS|TAMS 0x00000000a5500000, 0x00000000a5500000| Complete 
|  72|0x00000000a5600000, 0x00000000a5700000, 0x00000000a5700000|100%| S|CS|TAMS 0x00000000a5600000, 0x00000000a5600000| Complete 
|  73|0x00000000a5700000, 0x00000000a5700000, 0x00000000a5800000|  0%| F|  |TAMS 0x00000000a5700000, 0x00000000a5700000| Untracked 
|  74|0x00000000a5800000, 0x00000000a5800000, 0x00000000a5900000|  0%| F|  |TAMS 0x00000000a5800000, 0x00000000a5800000| Untracked 
|  75|0x00000000a5900000, 0x00000000a5900000, 0x00000000a5a00000|  0%| F|  |TAMS 0x00000000a5900000, 0x00000000a5900000| Untracked 
|  76|0x00000000a5a00000, 0x00000000a5a00000, 0x00000000a5b00000|  0%| F|  |TAMS 0x00000000a5a00000, 0x00000000a5a00000| Untracked 
|  77|0x00000000a5b00000, 0x00000000a5b00000, 0x00000000a5c00000|  0%| F|  |TAMS 0x00000000a5b00000, 0x00000000a5b00000| Untracked 
|  78|0x00000000a5c00000, 0x00000000a5c00000, 0x00000000a5d00000|  0%| F|  |TAMS 0x00000000a5c00000, 0x00000000a5c00000| Untracked 
|  79|0x00000000a5d00000, 0x00000000a5d00000, 0x00000000a5e00000|  0%| F|  |TAMS 0x00000000a5d00000, 0x00000000a5d00000| Untracked 
|  80|0x00000000a5e00000, 0x00000000a5e00000, 0x00000000a5f00000|  0%| F|  |TAMS 0x00000000a5e00000, 0x00000000a5e00000| Untracked 
|  81|0x00000000a5f00000, 0x00000000a5f00000, 0x00000000a6000000|  0%| F|  |TAMS 0x00000000a5f00000, 0x00000000a5f00000| Untracked 
|  82|0x00000000a6000000, 0x00000000a6000000, 0x00000000a6100000|  0%| F|  |TAMS 0x00000000a6000000, 0x00000000a6000000| Untracked 
|  83|0x00000000a6100000, 0x00000000a6100000, 0x00000000a6200000|  0%| F|  |TAMS 0x00000000a6100000, 0x00000000a6100000| Untracked 
|  84|0x00000000a6200000, 0x00000000a6200000, 0x00000000a6300000|  0%| F|  |TAMS 0x00000000a6200000, 0x00000000a6200000| Untracked 
|  85|0x00000000a6300000, 0x00000000a6300000, 0x00000000a6400000|  0%| F|  |TAMS 0x00000000a6300000, 0x00000000a6300000| Untracked 
|  86|0x00000000a6400000, 0x00000000a6400000, 0x00000000a6500000|  0%| F|  |TAMS 0x00000000a6400000, 0x00000000a6400000| Untracked 
|  87|0x00000000a6500000, 0x00000000a6500000, 0x00000000a6600000|  0%| F|  |TAMS 0x00000000a6500000, 0x00000000a6500000| Untracked 
|  88|0x00000000a6600000, 0x00000000a6600000, 0x00000000a6700000|  0%| F|  |TAMS 0x00000000a6600000, 0x00000000a6600000| Untracked 
|  89|0x00000000a6700000, 0x00000000a6700000, 0x00000000a6800000|  0%| F|  |TAMS 0x00000000a6700000, 0x00000000a6700000| Untracked 
|  90|0x00000000a6800000, 0x00000000a6800000, 0x00000000a6900000|  0%| F|  |TAMS 0x00000000a6800000, 0x00000000a6800000| Untracked 
|  91|0x00000000a6900000, 0x00000000a6982870, 0x00000000a6a00000| 50%| E|  |TAMS 0x00000000a6900000, 0x00000000a6900000| Complete 
|  92|0x00000000a6a00000, 0x00000000a6b00000, 0x00000000a6b00000|100%| E|CS|TAMS 0x00000000a6a00000, 0x00000000a6a00000| Complete 
|  93|0x00000000a6b00000, 0x00000000a6c00000, 0x00000000a6c00000|100%| E|CS|TAMS 0x00000000a6b00000, 0x00000000a6b00000| Complete 
|  94|0x00000000a6c00000, 0x00000000a6d00000, 0x00000000a6d00000|100%| E|CS|TAMS 0x00000000a6c00000, 0x00000000a6c00000| Complete 
|  95|0x00000000a6d00000, 0x00000000a6e00000, 0x00000000a6e00000|100%| E|CS|TAMS 0x00000000a6d00000, 0x00000000a6d00000| Complete 

Card table byte_map: [0x0000015f4a090000,0x0000015f4a390000] _byte_map_base: 0x0000015f49b89000

Marking Bits (Prev, Next): (CMBitMap*) 0x0000015f3322d4a0, (CMBitMap*) 0x0000015f3322d4e0
 Prev Bits: [0x0000015f4a690000, 0x0000015f4be58000)
 Next Bits: [0x0000015f4be60000, 0x0000015f4d628000)

Polling page: 0x0000015f31080000

Metaspace:

Usage:
  Non-class:      4.87 MB used.
      Class:    647.06 KB used.
       Both:      5.50 MB used.

Virtual space:
  Non-class space:        8.00 MB reserved,       4.94 MB ( 62%) committed,  1 nodes.
      Class space:        1.00 GB reserved,     768.00 KB ( <1%) committed,  1 nodes.
             Both:        1.01 GB reserved,       5.69 MB ( <1%) committed. 

Chunk freelists:
   Non-Class:  1.22 MB
       Class:  3.28 MB
        Both:  4.50 MB

MaxMetaspaceSize: unlimited
CompressedClassSpaceSize: 1.00 GB
Initial GC threshold: 21.00 MB
Current GC threshold: 21.00 MB
CDS: on
MetaspaceReclaimPolicy: balanced
 - commit_granule_bytes: 65536.
 - commit_granule_words: 8192.
 - virtual_space_node_default_size: 1048576.
 - enlarge_chunks_in_place: 1.
 - new_chunks_are_fully_committed: 0.
 - uncommit_free_chunks: 1.
 - use_allocation_guard: 0.
 - handle_deallocations: 1.


Internal statistics:

num_allocs_failed_limit: 0.
num_arena_births: 20.
num_arena_deaths: 0.
num_vsnodes_births: 2.
num_vsnodes_deaths: 0.
num_space_committed: 91.
num_space_uncommitted: 0.
num_chunks_returned_to_freelist: 0.
num_chunks_taken_from_freelist: 162.
num_chunk_merges: 0.
num_chunk_splits: 116.
num_chunks_enlarged: 102.
num_purges: 0.
num_inconsistent_stats: 0.

CodeHeap 'non-profiled nmethods': size=120000Kb used=421Kb max_used=421Kb free=119578Kb
 bounds [0x0000015f42530000, 0x0000015f427a0000, 0x0000015f49a60000]
CodeHeap 'profiled nmethods': size=120000Kb used=2230Kb max_used=2230Kb free=117769Kb
 bounds [0x0000015f3b000000, 0x0000015f3b270000, 0x0000015f42530000]
CodeHeap 'non-nmethods': size=5760Kb used=1153Kb max_used=1179Kb free=4606Kb
 bounds [0x0000015f3aa60000, 0x0000015f3acd0000, 0x0000015f3b000000]
 total_blobs=1562 nmethods=1115 adapters=359
 compilation: enabled
              stopped_count=0, restarted_count=0
 full_count=0

Compilation events (20 events):
Event: 1.285 Thread 0x0000015f5003f4b0  972       3       java.lang.AbstractStringBuilder::charAt (36 bytes)
Event: 1.286 Thread 0x0000015f5003f4b0 nmethod 972 0x0000015f3b1ead90 code [0x0000015f3b1eaf80, 0x0000015f3b1eb3b8]
Event: 1.287 Thread 0x0000015f510f4ce0 nmethod 973 0x0000015f42583910 code [0x0000015f42583aa0, 0x0000015f42583e58]
Event: 1.287 Thread 0x0000015f510f4ce0  965       4       java.nio.ByteBuffer::position (6 bytes)
Event: 1.288 Thread 0x0000015f510f4ce0 nmethod 965 0x0000015f42584110 code [0x0000015f425842a0, 0x0000015f42584398]
Event: 1.288 Thread 0x0000015f510f4ce0  979       4       org.codehaus.plexus.util.InterpolationFilterReader::read (477 bytes)
Event: 1.291 Thread 0x0000015f510f4ce0 nmethod 979 0x0000015f42584490 code [0x0000015f42584640, 0x0000015f425848c8]
Event: 1.291 Thread 0x0000015f510f4ce0  981       4       sun.nio.cs.StreamDecoder::implRead (243 bytes)
Event: 1.292 Thread 0x0000015f5003f4b0  983       1       org.codehaus.plexus.util.xml.pull.MXParser::getDepth (5 bytes)
Event: 1.292 Thread 0x0000015f5003f4b0 nmethod 983 0x0000015f42584b90 code [0x0000015f42584d20, 0x0000015f42584df8]
Event: 1.294 Thread 0x0000015f5003f4b0  984       3       org.codehaus.plexus.util.xml.XmlReader::read (11 bytes)
Event: 1.294 Thread 0x0000015f5003f4b0 nmethod 984 0x0000015f3b1eb590 code [0x0000015f3b1eb740, 0x0000015f3b1eb908]
Event: 1.300 Thread 0x0000015f5003e410 nmethod 956% 0x0000015f42584e90 code [0x0000015f42585060, 0x0000015f425863c8]
Event: 1.301 Thread 0x0000015f5003e410  962       4       java.lang.System$2::decodeASCII (11 bytes)
Event: 1.302 Thread 0x0000015f5003e410 nmethod 962 0x0000015f42586b90 code [0x0000015f42586d00, 0x0000015f42586f98]
Event: 1.302 Thread 0x0000015f5003e410  967       4       java.lang.String::decodeASCII (64 bytes)
Event: 1.304 Thread 0x0000015f5003e410 nmethod 967 0x0000015f42587090 code [0x0000015f42587200, 0x0000015f42587478]
Event: 1.304 Thread 0x0000015f5003e410  978       4       sun.nio.cs.UTF_8$Decoder::decodeLoop (28 bytes)
Event: 1.305 Thread 0x0000015f5003e410 nmethod 978 0x0000015f42587590 code [0x0000015f42587720, 0x0000015f42587868]
Event: 1.305 Thread 0x0000015f5003e410  985       4       org.codehaus.plexus.util.xml.XmlReader::read (11 bytes)

GC Heap History (0 events):
No events

Deoptimization events (20 events):
Event: 1.168 Thread 0x0000015f331e20d0 DEOPT PACKING pc=0x0000015f3b0ccea7 sp=0x00000014a77f6830
Event: 1.168 Thread 0x0000015f331e20d0 DEOPT UNPACKING pc=0x0000015f3aab2b43 sp=0x00000014a77f5c90 mode 0
Event: 1.249 Thread 0x0000015f331e20d0 Uncommon trap: trap_request=0xffffffc6 fr.pc=0x0000015f42571a90 relative=0x00000000000015d0
Event: 1.249 Thread 0x0000015f331e20d0 Uncommon trap: reason=bimorphic_or_optimized_type_check action=maybe_recompile pc=0x0000015f42571a90 method=java.util.HashMap.putVal(ILjava/lang/Object;Ljava/lang/Object;ZZ)Ljava/lang/Object; @ 91 c2
Event: 1.249 Thread 0x0000015f331e20d0 DEOPT PACKING pc=0x0000015f42571a90 sp=0x00000014a77fd9b0
Event: 1.249 Thread 0x0000015f331e20d0 DEOPT UNPACKING pc=0x0000015f3aab23a3 sp=0x00000014a77fd960 mode 2
Event: 1.268 Thread 0x0000015f331e20d0 Uncommon trap: trap_request=0xffffff45 fr.pc=0x0000015f4257bda0 relative=0x0000000000001440
Event: 1.268 Thread 0x0000015f331e20d0 Uncommon trap: reason=unstable_if action=reinterpret pc=0x0000015f4257bda0 method=java.nio.charset.CoderResult.isOverflow()Z @ 5 c2
Event: 1.269 Thread 0x0000015f331e20d0 DEOPT PACKING pc=0x0000015f4257bda0 sp=0x00000014a77fd540
Event: 1.269 Thread 0x0000015f331e20d0 DEOPT UNPACKING pc=0x0000015f3aab23a3 sp=0x00000014a77fd260 mode 2
Event: 1.273 Thread 0x0000015f331e20d0 Uncommon trap: trap_request=0xffffff45 fr.pc=0x0000015f4257e448 relative=0x0000000000000208
Event: 1.273 Thread 0x0000015f331e20d0 Uncommon trap: reason=unstable_if action=reinterpret pc=0x0000015f4257e448 method=java.io.Reader.read()I @ 12 c2
Event: 1.273 Thread 0x0000015f331e20d0 DEOPT PACKING pc=0x0000015f4257e448 sp=0x00000014a77fd630
Event: 1.273 Thread 0x0000015f331e20d0 DEOPT UNPACKING pc=0x0000015f3aab23a3 sp=0x00000014a77fd540 mode 2
Event: 1.278 Thread 0x0000015f331e20d0 DEOPT PACKING pc=0x0000015f3b055a24 sp=0x00000014a77fd6f0
Event: 1.278 Thread 0x0000015f331e20d0 DEOPT UNPACKING pc=0x0000015f3aab2b43 sp=0x00000014a77fcb90 mode 0
Event: 1.294 Thread 0x0000015f331e20d0 Uncommon trap: trap_request=0xffffff45 fr.pc=0x0000015f425808a0 relative=0x00000000000015a0
Event: 1.294 Thread 0x0000015f331e20d0 Uncommon trap: reason=unstable_if action=reinterpret pc=0x0000015f425808a0 method=java.nio.charset.CoderResult.isOverflow()Z @ 5 c2
Event: 1.294 Thread 0x0000015f331e20d0 DEOPT PACKING pc=0x0000015f425808a0 sp=0x00000014a77fd710
Event: 1.294 Thread 0x0000015f331e20d0 DEOPT UNPACKING pc=0x0000015f3aab23a3 sp=0x00000014a77fd340 mode 2

Classes unloaded (0 events):
No events

Classes redefined (0 events):
No events

Internal exceptions (13 events):
Event: 0.178 Thread 0x0000015f50d7f430 Exception <a 'java/lang/NoSuchMethodError'{0x00000000a6b7ad40}: 'java.lang.Object java.lang.invoke.DirectMethodHandle$Holder.invokeStaticInit(java.lang.Object)'> (0x00000000a6b7ad40) 
thrown [t:\workspace\open\src\hotspot\share\interpreter\linkResolver.cpp, line 766]
Event: 0.193 Thread 0x0000015f50d7f430 Exception <a 'java/lang/NoSuchMethodError'{0x00000000a6b88ed8}: 'void java.lang.invoke.DirectMethodHandle$Holder.invokeStatic(java.lang.Object, java.lang.Object)'> (0x00000000a6b88ed8) 
thrown [t:\workspace\open\src\hotspot\share\interpreter\linkResolver.cpp, line 766]
Event: 0.311 Thread 0x0000015f331e20d0 Exception <a 'java/lang/NullPointerException'{0x00000000a680bab8}> (0x00000000a680bab8) 
thrown [t:\workspace\open\src\hotspot\share\interpreter\linkResolver.cpp, line 1357]
Event: 0.800 Thread 0x0000015f331e20d0 Exception <a 'java/lang/NullPointerException'{0x00000000a688b218}> (0x00000000a688b218) 
thrown [t:\workspace\open\src\hotspot\share\interpreter\linkResolver.cpp, line 1357]
Event: 0.800 Thread 0x0000015f331e20d0 Exception <a 'java/lang/NullPointerException'{0x00000000a688b4f0}> (0x00000000a688b4f0) 
thrown [t:\workspace\open\src\hotspot\share\interpreter\linkResolver.cpp, line 1357]
Event: 0.800 Thread 0x0000015f331e20d0 Exception <a 'java/lang/NullPointerException'{0x00000000a688b7c8}> (0x00000000a688b7c8) 
thrown [t:\workspace\open\src\hotspot\share\interpreter\linkResolver.cpp, line 1357]
Event: 0.801 Thread 0x0000015f331e20d0 Exception <a 'java/lang/NullPointerException'{0x00000000a6891150}> (0x00000000a6891150) 
thrown [t:\workspace\open\src\hotspot\share\interpreter\linkResolver.cpp, line 1357]
Event: 0.803 Thread 0x0000015f331e20d0 Exception <a 'java/lang/NullPointerException'{0x00000000a68a6ab0}> (0x00000000a68a6ab0) 
thrown [t:\workspace\open\src\hotspot\share\interpreter\linkResolver.cpp, line 1357]
Event: 0.803 Thread 0x0000015f331e20d0 Exception <a 'java/lang/NullPointerException'{0x00000000a68a6d88}> (0x00000000a68a6d88) 
thrown [t:\workspace\open\src\hotspot\share\interpreter\linkResolver.cpp, line 1357]
Event: 0.803 Thread 0x0000015f331e20d0 Exception <a 'java/lang/NullPointerException'{0x00000000a68a7060}> (0x00000000a68a7060) 
thrown [t:\workspace\open\src\hotspot\share\interpreter\linkResolver.cpp, line 1357]
Event: 0.803 Thread 0x0000015f331e20d0 Exception <a 'java/lang/NullPointerException'{0x00000000a68a7338}> (0x00000000a68a7338) 
thrown [t:\workspace\open\src\hotspot\share\interpreter\linkResolver.cpp, line 1357]
Event: 1.155 Thread 0x0000015f331e20d0 Exception <a 'java/lang/NoSuchMethodError'{0x00000000a5ecb698}: 'java.lang.Object java.lang.invoke.DirectMethodHandle$Holder.newInvokeSpecial(java.lang.Object, java.lang.Object, java.lang.Object, java.lang.Object, java.lang.Object)'> (0x00000000a5ecb698) 
thrown [t:\workspace\open\src\hotspot\share\interpreter\linkResolver.cpp, line 766]
Event: 1.213 Thread 0x0000015f331e20d0 Exception <a 'java/lang/NoClassDefFoundError'{0x00000000a5c35eb8}: javax/enterprise/inject/Typed> (0x00000000a5c35eb8) 
thrown [t:\workspace\open\src\hotspot\share\classfile\systemDictionary.cpp, line 245]

VM Operations (10 events):
Event: 0.099 Executing VM operation: HandshakeAllThreads
Event: 0.099 Executing VM operation: HandshakeAllThreads done
Event: 0.176 Executing VM operation: HandshakeAllThreads
Event: 0.176 Executing VM operation: HandshakeAllThreads done
Event: 0.309 Executing VM operation: HandshakeAllThreads
Event: 0.309 Executing VM operation: HandshakeAllThreads done
Event: 0.318 Executing VM operation: HandshakeAllThreads
Event: 0.318 Executing VM operation: HandshakeAllThreads done
Event: 1.257 Executing VM operation: ICBufferFull
Event: 1.257 Executing VM operation: ICBufferFull done

Events (20 events):
Event: 1.197 loading class sun/reflect/generics/repository/AbstractRepository done
Event: 1.197 loading class sun/reflect/generics/repository/GenericDeclRepository done
Event: 1.197 loading class sun/reflect/generics/repository/ClassRepository done
Event: 1.197 loading class sun/reflect/generics/tree/FormalTypeParameter
Event: 1.197 loading class sun/reflect/generics/tree/FormalTypeParameter done
Event: 1.197 loading class sun/reflect/generics/tree/ClassSignature
Event: 1.197 loading class sun/reflect/generics/tree/Signature
Event: 1.197 loading class sun/reflect/generics/tree/Signature done
Event: 1.197 loading class sun/reflect/generics/tree/ClassSignature done
Event: 1.197 loading class java/lang/reflect/TypeVariable
Event: 1.197 loading class java/lang/reflect/TypeVariable done
Event: 1.197 loading class java/lang/reflect/WildcardType
Event: 1.197 loading class java/lang/reflect/WildcardType done
Event: 1.200 loading class sun/reflect/generics/tree/TypeVariableSignature
Event: 1.200 loading class sun/reflect/generics/tree/TypeVariableSignature done
Event: 1.212 loading class java/lang/annotation/IncompleteAnnotationException
Event: 1.212 loading class java/lang/annotation/IncompleteAnnotationException done
Event: 1.271 loading class jdk/internal/access/foreign/MemorySegmentProxy
Event: 1.271 loading class jdk/internal/access/foreign/MemorySegmentProxy done
Event: 1.276 Thread 0x0000015f5160d240 Thread added: 0x0000015f5160d240


Dynamic libraries:
0x00007ff678370000 - 0x00007ff678380000 	E:\java17\jdk-17_windows-x64_bin\jdk-17.0.3.1\bin\java.exe
0x00007ffbac730000 - 0x00007ffbac928000 	C:\WINDOWS\SYSTEM32\ntdll.dll
0x00007ffbac200000 - 0x00007ffbac2bf000 	C:\WINDOWS\System32\KERNEL32.DLL
0x00007ffbaa2b0000 - 0x00007ffbaa582000 	C:\WINDOWS\System32\KERNELBASE.dll
0x00007ffbaa070000 - 0x00007ffbaa170000 	C:\WINDOWS\System32\ucrtbase.dll
0x00007ffb93f20000 - 0x00007ffb93f3a000 	E:\java17\jdk-17_windows-x64_bin\jdk-17.0.3.1\bin\VCRUNTIME140.dll
0x00007ffb9a060000 - 0x00007ffb9a078000 	E:\java17\jdk-17_windows-x64_bin\jdk-17.0.3.1\bin\jli.dll
0x00007ffbac640000 - 0x00007ffbac6ee000 	C:\WINDOWS\System32\ADVAPI32.dll
0x00007ffbab4f0000 - 0x00007ffbab58e000 	C:\WINDOWS\System32\msvcrt.dll
0x00007ffbac2c0000 - 0x00007ffbac35c000 	C:\WINDOWS\System32\sechost.dll
0x00007ffbaaad0000 - 0x00007ffbaabf5000 	C:\WINDOWS\System32\RPCRT4.dll
0x00007ffbac050000 - 0x00007ffbac1f1000 	C:\WINDOWS\System32\USER32.dll
0x00007ffbaa170000 - 0x00007ffbaa192000 	C:\WINDOWS\System32\win32u.dll
0x00007ffbabfc0000 - 0x00007ffbabfeb000 	C:\WINDOWS\System32\GDI32.dll
0x00007ffbaa1a0000 - 0x00007ffbaa2af000 	C:\WINDOWS\System32\gdi32full.dll
0x00007ffba9ed0000 - 0x00007ffba9f6d000 	C:\WINDOWS\System32\msvcp_win.dll
0x00007ffb98940000 - 0x00007ffb98bda000 	C:\WINDOWS\WinSxS\amd64_microsoft.windows.common-controls_6595b64144ccf1df_6.0.19041.1110_none_60b5254171f9507e\COMCTL32.dll
0x00007ffba0490000 - 0x00007ffba049a000 	C:\WINDOWS\SYSTEM32\VERSION.dll
0x00007ffbac480000 - 0x00007ffbac4b2000 	C:\WINDOWS\System32\IMM32.DLL
0x00007ffb9ace0000 - 0x00007ffb9acec000 	E:\java17\jdk-17_windows-x64_bin\jdk-17.0.3.1\bin\vcruntime140_1.dll
0x00007ffb7d570000 - 0x00007ffb7d5fd000 	E:\java17\jdk-17_windows-x64_bin\jdk-17.0.3.1\bin\msvcp140.dll
0x00007ffb511e0000 - 0x00007ffb51da0000 	E:\java17\jdk-17_windows-x64_bin\jdk-17.0.3.1\bin\server\jvm.dll
0x00007ffbac630000 - 0x00007ffbac638000 	C:\WINDOWS\System32\PSAPI.DLL
0x00007ffba0320000 - 0x00007ffba0347000 	C:\WINDOWS\SYSTEM32\WINMM.dll
0x00007ffba71e0000 - 0x00007ffba71e9000 	C:\WINDOWS\SYSTEM32\WSOCK32.dll
0x00007ffbab620000 - 0x00007ffbab68b000 	C:\WINDOWS\System32\WS2_32.dll
0x00007ffba86a0000 - 0x00007ffba86b2000 	C:\WINDOWS\SYSTEM32\kernel.appcore.dll
0x00007ffb93f10000 - 0x00007ffb93f1a000 	E:\java17\jdk-17_windows-x64_bin\jdk-17.0.3.1\bin\jimage.dll
0x00007ffba8460000 - 0x00007ffba8644000 	C:\WINDOWS\SYSTEM32\DBGHELP.DLL
0x00007ffb9bef0000 - 0x00007ffb9bf25000 	C:\WINDOWS\SYSTEM32\dbgcore.DLL
0x00007ffba9fe0000 - 0x00007ffbaa062000 	C:\WINDOWS\System32\bcryptPrimitives.dll
0x00007ffba5620000 - 0x00007ffba562e000 	E:\java17\jdk-17_windows-x64_bin\jdk-17.0.3.1\bin\instrument.dll
0x00007ffb8ffa0000 - 0x00007ffb8ffc5000 	E:\java17\jdk-17_windows-x64_bin\jdk-17.0.3.1\bin\java.dll
0x00007ffb55cb0000 - 0x00007ffb55d86000 	E:\java17\jdk-17_windows-x64_bin\jdk-17.0.3.1\bin\jsvml.dll
0x00007ffbab870000 - 0x00007ffbabfb5000 	C:\WINDOWS\System32\SHELL32.dll
0x00007ffba7bf0000 - 0x00007ffba8382000 	C:\WINDOWS\SYSTEM32\windows.storage.dll
0x00007ffbaa770000 - 0x00007ffbaaac5000 	C:\WINDOWS\System32\combase.dll
0x00007ffba97a0000 - 0x00007ffba97d0000 	C:\WINDOWS\SYSTEM32\Wldp.dll
0x00007ffbab710000 - 0x00007ffbab7bd000 	C:\WINDOWS\System32\SHCORE.dll
0x00007ffbaaf50000 - 0x00007ffbaafa5000 	C:\WINDOWS\System32\shlwapi.dll
0x00007ffba9d60000 - 0x00007ffba9d7f000 	C:\WINDOWS\SYSTEM32\profapi.dll
0x00007ffb8fc50000 - 0x00007ffb8fc68000 	E:\java17\jdk-17_windows-x64_bin\jdk-17.0.3.1\bin\zip.dll
0x00007ffb93ef0000 - 0x00007ffb93f09000 	E:\java17\jdk-17_windows-x64_bin\jdk-17.0.3.1\bin\net.dll
0x00007ffba00a0000 - 0x00007ffba01ac000 	C:\WINDOWS\SYSTEM32\WINHTTP.dll
0x00007ffba9500000 - 0x00007ffba956a000 	C:\WINDOWS\system32\mswsock.dll
0x00007ffb8fc70000 - 0x00007ffb8fc86000 	E:\java17\jdk-17_windows-x64_bin\jdk-17.0.3.1\bin\nio.dll
0x00007ffb8c300000 - 0x00007ffb8c31a000 	E:\idea\IntelliJ IDEA Community Edition 2022.1.3\bin\breakgen64.dll
0x0000000069ac0000 - 0x0000000069ae4000 	C:\Users\lenovo\AppData\Local\Temp\jansi-2.4.0-d0e4f30060ea94c1-jansi.dll
0x00007ffb8fa90000 - 0x00007ffb8faa0000 	E:\java17\jdk-17_windows-x64_bin\jdk-17.0.3.1\bin\verify.dll

dbghelp: loaded successfully - version: 4.0.5 - missing functions: none
symbol engine: initialized successfully - sym options: 0x614 - pdb path: .;E:\java17\jdk-17_windows-x64_bin\jdk-17.0.3.1\bin;C:\WINDOWS\SYSTEM32;C:\WINDOWS\WinSxS\amd64_microsoft.windows.common-controls_6595b64144ccf1df_6.0.19041.1110_none_60b5254171f9507e;E:\java17\jdk-17_windows-x64_bin\jdk-17.0.3.1\bin\server;E:\idea\IntelliJ IDEA Community Edition 2022.1.3\bin;C:\Users\lenovo\AppData\Local\Temp

VM Arguments:
jvm_args: -Dmaven.multiModuleProjectDirectory=E:\IdeaProject\crm\crm-mybatis-generator -Dmaven.home=D:\maven\apache-maven-3.8.5-bin\apache-maven-3.8.5 -Dclassworlds.conf=D:\maven\apache-maven-3.8.5-bin\apache-maven-3.8.5\bin\m2.conf -Dmaven.ext.class.path=E:\idea\IntelliJ IDEA Community Edition 2022.1.3\plugins\maven\lib\maven-event-listener.jar -javaagent:E:\idea\IntelliJ IDEA Community Edition 2022.1.3\lib\idea_rt.jar=55229:E:\idea\IntelliJ IDEA Community Edition 2022.1.3\bin -Dfile.encoding=UTF-8 
java_command: org.codehaus.classworlds.Launcher -Didea.version=2022.1.3 -s D:\maven\apache-maven-3.8.5-bin\apache-maven-3.8.5\conf\settings.xml org.mybatis.generator:mybatis-generator-maven-plugin:1.3.2:generate
java_class_path (initial): D:\maven\apache-maven-3.8.5-bin\apache-maven-3.8.5\boot\plexus-classworlds-2.6.0.jar;D:\maven\apache-maven-3.8.5-bin\apache-maven-3.8.5\boot\plexus-classworlds.license
Launcher Type: SUN_STANDARD

[Global flags]
     intx CICompilerCount                          = 4                                         {product} {ergonomic}
     uint ConcGCThreads                            = 2                                         {product} {ergonomic}
     uint G1ConcRefinementThreads                  = 8                                         {product} {ergonomic}
   size_t G1HeapRegionSize                         = 1048576                                   {product} {ergonomic}
    uintx GCDrainStackTargetSize                   = 64                                        {product} {ergonomic}
   size_t InitialHeapSize                          = 100663296                                 {product} {ergonomic}
   size_t MarkStackSize                            = 4194304                                   {product} {ergonomic}
   size_t MaxHeapSize                              = 1595932672                                {product} {ergonomic}
   size_t MaxNewSize                               = 957349888                                 {product} {ergonomic}
   size_t MinHeapDeltaBytes                        = 1048576                                   {product} {ergonomic}
   size_t MinHeapSize                              = 8388608                                   {product} {ergonomic}
    uintx NonNMethodCodeHeapSize                   = 5839372                                {pd product} {ergonomic}
    uintx NonProfiledCodeHeapSize                  = 122909434                              {pd product} {ergonomic}
    uintx ProfiledCodeHeapSize                     = 122909434                              {pd product} {ergonomic}
    uintx ReservedCodeCacheSize                    = 251658240                              {pd product} {ergonomic}
     bool SegmentedCodeCache                       = true                                      {product} {ergonomic}
   size_t SoftMaxHeapSize                          = 1595932672                             {manageable} {ergonomic}
     bool UseCompressedClassPointers               = true                           {product lp64_product} {ergonomic}
     bool UseCompressedOops                        = true                           {product lp64_product} {ergonomic}
     bool UseG1GC                                  = true                                      {product} {ergonomic}
     bool UseLargePagesIndividualAllocation        = false                                  {pd product} {ergonomic}

Logging:
Log output configuration:
 #0: stdout all=warning uptime,level,tags
 #1: stderr all=off uptime,level,tags

Environment Variables:
JAVA_HOME=E:\java17\jdk-17_windows-x64_bin\jdk-17.0.3.1
CLASSPATH=.;%JAVA_HOME%\lib;%JRE_HOME%\lib
PATH=E:\java17\jdk-17_windows-x64_bin\jdk-17.0.3.1\bin;E:\java17\jdk-17_windows-x64_bin\jdk-17.0.3.1\jre\bin;C:\Program Files (x86)\Common Files\Oracle\Java\javapath;F:\Linux\xshell\;C:\WINDOWS\system32;C:\WINDOWS;C:\WINDOWS\System32\Wbem;C:\WINDOWS\System32\WindowsPowerShell\v1.0\;C:\WINDOWS\System32\OpenSSH\;E:\java17\jdk-17_windows-x64_bin\jdk-17.0.3.1\bin;F:\winscp\WinSCP\;E:\git\Git\cmd;D:\php\xampp\mysql\bin;D:\maven\apache-maven-3.8.5-bin\apache-maven-3.8.5\bin;D:\gradle\gradle-7.4.2-all\gradle-7.4.2\bin;E:\groovy\apache-groovy-binary-4.0.3\groovy-4.0.3\bin;D:\JD-gui\jad158g.win;D:\curl\curl-7.84.0_8-win64-mingw\curl-7.84.0_8-win64-mingw\bin;D:\nodejs\;D:\OpenSSL\OpenSSL-Win64\bin;D:\SpringBootCli\spring-boot-cli-2.4.5-bin\spring-2.4.5\bin;D:\python\Scripts\;D:\python\;C:\Users\lenovo\AppData\Local\Microsoft\WindowsApps;D:\python\Test\CrawlerTest\chromedriver_win32;D:\pycharm\PyCharm Community Edition 2021.2\bin;C:\Users\lenovo\AppData\Roaming\npm
USERNAME=lenovo
OS=Windows_NT
PROCESSOR_IDENTIFIER=AMD64 Family 23 Model 24 Stepping 1, AuthenticAMD



---------------  S Y S T E M  ---------------

OS:
 Windows 10 , 64 bit Build 19041 (10.0.19041.2546)
OS uptime: 0 days 2:42 hours

CPU: total 8 (initial active 8) (8 cores per cpu, 2 threads per core) family 23 model 24 stepping 1 microcode 0x0, cx8, cmov, fxsr, ht, mmx, 3dnowpref, sse, sse2, sse3, ssse3, sse4a, sse4.1, sse4.2, popcnt, lzcnt, tsc, tscinvbit, avx, avx2, aes, clmul, bmi1, bmi2, adx, sha, fma, vzeroupper, clflush, clflushopt

Memory: 4k page, system-wide physical 6082M (691M free)
TotalPageFile size 18882M (AvailPageFile size 0M)
current process WorkingSet (physical memory assigned to process): 84M, peak: 84M
current process commit charge ("private bytes"): 199M, peak: 199M

vm_info: Java HotSpot(TM) 64-Bit Server VM (17.0.3.1+2-LTS-6) for windows-amd64 JRE (17.0.3.1+2-LTS-6), built on Apr 25 2022 22:04:21 by "mach5one" with MS VC++ 16.8 / 16.9 (VS2019)

END.
