#
# There is insufficient memory for the Java Runtime Environment to continue.
# Native memory allocation (malloc) failed to allocate 1376656 bytes for Chunk::new
# Possible reasons:
#   The system is out of physical RAM or swap space
#   The process is running with CompressedOops enabled, and the Java Heap may be blocking the growth of the native heap
# Possible solutions:
#   Reduce memory load on the system
#   Increase physical memory or swap space
#   Check if swap backing store is full
#   Decrease Java heap size (-Xmx/-Xms)
#   Decrease number of Java threads
#   Decrease Java thread stack sizes (-Xss)
#   Set larger code cache with -XX:ReservedCodeCacheSize=
#   JVM is running with Unscaled Compressed Oops mode in which the Java heap is
#     placed in the first 4GB address space. The Java Heap base address is the
#     maximum limit for the native heap growth. Please use -XX:HeapBaseMinAddress
#     to set the Java Heap base and to place the Java Heap above 4GB virtual address.
# This output file may be truncated or incomplete.
#
#  Out of Memory Error (arena.cpp:189), pid=800, tid=19732
#
# JRE version: Java(TM) SE Runtime Environment (17.0.3.1+2) (build 17.0.3.1+2-LTS-6)
# Java VM: Java HotSpot(TM) 64-Bit Server VM (17.0.3.1+2-LTS-6, mixed mode, sharing, tiered, compressed oops, compressed class ptrs, g1 gc, windows-amd64)
# No core dump will be written. Minidumps are not enabled by default on client versions of Windows
#

---------------  S U M M A R Y ------------

Command Line: -Dmaven.multiModuleProjectDirectory=E:\IdeaProject\crm\crm-mybatis-generator -Dmaven.home=D:\maven\apache-maven-3.8.5-bin\apache-maven-3.8.5 -Dclassworlds.conf=D:\maven\apache-maven-3.8.5-bin\apache-maven-3.8.5\bin\m2.conf -Dmaven.ext.class.path=E:\idea\IntelliJ IDEA Community Edition 2022.1.3\plugins\maven\lib\maven-event-listener.jar -javaagent:E:\idea\IntelliJ IDEA Community Edition 2022.1.3\lib\idea_rt.jar=55294:E:\idea\IntelliJ IDEA Community Edition 2022.1.3\bin -Dfile.encoding=UTF-8 org.codehaus.classworlds.Launcher -Didea.version=2022.1.3 -s D:\maven\apache-maven-3.8.5-bin\apache-maven-3.8.5\conf\settings.xml org.mybatis.generator:mybatis-generator-maven-plugin:1.3.2:generate

Host: AMD Ryzen 5 3500U with Radeon Vega Mobile Gfx  , 8 cores, 5G,  Windows 10 , 64 bit Build 19041 (10.0.19041.2546)
Time: Tue Feb 28 11:42:19 2023  Windows 10 , 64 bit Build 19041 (10.0.19041.2546) elapsed time: 1.665197 seconds (0d 0h 0m 1s)

---------------  T H R E A D  ---------------

Current thread (0x0000018d9dd5eca0):  JavaThread "C2 CompilerThread1" daemon [_thread_in_native, id=19732, stack(0x0000002973000000,0x0000002973100000)]


Current CompileTask:
C2:   1665 1772   !   4       java.net.URL::<init> (543 bytes)

Stack: [0x0000002973000000,0x0000002973100000]
Native frames: (J=compiled Java code, j=interpreted, Vv=VM code, C=native code)
V  [jvm.dll+0x6711ba]
V  [jvm.dll+0x7d0834]
V  [jvm.dll+0x7d1fde]
V  [jvm.dll+0x7d2643]
V  [jvm.dll+0x242c85]
V  [jvm.dll+0xaa57b]
V  [jvm.dll+0xaab0c]
V  [jvm.dll+0x35ff22]
V  [jvm.dll+0x32a581]
V  [jvm.dll+0x329a2a]
V  [jvm.dll+0x215d61]
V  [jvm.dll+0x215181]
V  [jvm.dll+0x1a1c3d]
V  [jvm.dll+0x2249c8]
V  [jvm.dll+0x222b2c]
V  [jvm.dll+0x78650b]
V  [jvm.dll+0x780aca]
V  [jvm.dll+0x670045]
C  [ucrtbase.dll+0x21bb2]
C  [KERNEL32.DLL+0x17614]
C  [ntdll.dll+0x526a1]


---------------  P R O C E S S  ---------------

Threads class SMR info:
_java_thread_list=0x0000018d9dd5f200, length=14, elements={
0x0000018dffd86a00, 0x0000018d9cc1bed0, 0x0000018d9cc1d550, 0x0000018d9cc38420,
0x0000018d9cc3bdf0, 0x0000018d9cc3c7a0, 0x0000018d9cc45170, 0x0000018d9cc49400,
0x0000018d9cc51eb0, 0x0000018d9cc5d080, 0x0000018d9d868760, 0x0000018d9d8e70b0,
0x0000018d9d9a6780, 0x0000018d9dd5eca0
}

Java Threads: ( => current thread )
  0x0000018dffd86a00 JavaThread "main" [_thread_in_vm, id=21460, stack(0x0000002971c00000,0x0000002971d00000)]
  0x0000018d9cc1bed0 JavaThread "Reference Handler" daemon [_thread_blocked, id=13416, stack(0x0000002972300000,0x0000002972400000)]
  0x0000018d9cc1d550 JavaThread "Finalizer" daemon [_thread_blocked, id=7336, stack(0x0000002972400000,0x0000002972500000)]
  0x0000018d9cc38420 JavaThread "Signal Dispatcher" daemon [_thread_blocked, id=1092, stack(0x0000002972500000,0x0000002972600000)]
  0x0000018d9cc3bdf0 JavaThread "Attach Listener" daemon [_thread_blocked, id=13456, stack(0x0000002972600000,0x0000002972700000)]
  0x0000018d9cc3c7a0 JavaThread "Service Thread" daemon [_thread_blocked, id=20516, stack(0x0000002972700000,0x0000002972800000)]
  0x0000018d9cc45170 JavaThread "Monitor Deflation Thread" daemon [_thread_blocked, id=18664, stack(0x0000002972800000,0x0000002972900000)]
  0x0000018d9cc49400 JavaThread "C2 CompilerThread0" daemon [_thread_in_native, id=16672, stack(0x0000002972900000,0x0000002972a00000)]
  0x0000018d9cc51eb0 JavaThread "C1 CompilerThread0" daemon [_thread_blocked, id=14072, stack(0x0000002972a00000,0x0000002972b00000)]
  0x0000018d9cc5d080 JavaThread "Sweeper thread" daemon [_thread_blocked, id=3456, stack(0x0000002972b00000,0x0000002972c00000)]
  0x0000018d9d868760 JavaThread "Common-Cleaner" daemon [_thread_blocked, id=6800, stack(0x0000002972c00000,0x0000002972d00000)]
  0x0000018d9d8e70b0 JavaThread "Monitor Ctrl-Break" daemon [_thread_in_native, id=18856, stack(0x0000002972d00000,0x0000002972e00000)]
  0x0000018d9d9a6780 JavaThread "Notification Thread" daemon [_thread_blocked, id=21012, stack(0x0000002972e00000,0x0000002972f00000)]
=>0x0000018d9dd5eca0 JavaThread "C2 CompilerThread1" daemon [_thread_in_native, id=19732, stack(0x0000002973000000,0x0000002973100000)]

Other Threads:
  0x0000018d9cc16ec0 VMThread "VM Thread" [stack: 0x0000002972200000,0x0000002972300000] [id=6080]
  0x0000018dffdea600 WatcherThread [stack: 0x0000002972f00000,0x0000002973000000] [id=20960]
  0x0000018dffdd1dd0 GCTaskThread "GC Thread#0" [stack: 0x0000002971d00000,0x0000002971e00000] [id=19724]
  0x0000018d9da277b0 GCTaskThread "GC Thread#1" [stack: 0x0000002973100000,0x0000002973200000] [id=17060]
  0x0000018d9e620cf0 GCTaskThread "GC Thread#2" [stack: 0x0000002973200000,0x0000002973300000] [id=13052]
  0x0000018d9e29cce0 GCTaskThread "GC Thread#3" [stack: 0x0000002973300000,0x0000002973400000] [id=20456]
  0x0000018d9e29d3a0 GCTaskThread "GC Thread#4" [stack: 0x0000002973400000,0x0000002973500000] [id=5940]
  0x0000018d9e29ea70 GCTaskThread "GC Thread#5" [stack: 0x0000002973500000,0x0000002973600000] [id=19632]
  0x0000018d9e29ed20 GCTaskThread "GC Thread#6" [stack: 0x0000002973600000,0x0000002973700000] [id=19576]
  0x0000018d9e3226d0 GCTaskThread "GC Thread#7" [stack: 0x0000002973700000,0x0000002973800000] [id=21220]
  0x0000018dfdc3cf70 ConcurrentGCThread "G1 Main Marker" [stack: 0x0000002971e00000,0x0000002971f00000] [id=8260]
  0x0000018dfdc3e190 ConcurrentGCThread "G1 Conc#0" [stack: 0x0000002971f00000,0x0000002972000000] [id=8288]
  0x0000018dffe50310 ConcurrentGCThread "G1 Refine#0" [stack: 0x0000002972000000,0x0000002972100000] [id=18928]
  0x0000018dffe50d30 ConcurrentGCThread "G1 Service" [stack: 0x0000002972100000,0x0000002972200000] [id=17088]

Threads with active compile tasks:
C2 CompilerThread0     1728 2016       4       java.lang.String::<init> (830 bytes)
C2 CompilerThread1     1728 1772   !   4       java.net.URL::<init> (543 bytes)

VM state: not at safepoint (normal execution)

VM Mutex/Monitor currently owned by a thread: None

Heap address: 0x00000000a0e00000, size: 1522 MB, Compressed Oops mode: 32-bit

CDS archive(s) mapped at: [0x0000000800000000-0x0000000800bc0000-0x0000000800bc0000), size 12320768, SharedBaseAddress: 0x0000000800000000, ArchiveRelocationMode: 0.
Compressed class space mapped at: 0x0000000800c00000-0x0000000840c00000, reserved size: 1073741824
Narrow klass base: 0x0000000800000000, Narrow klass shift: 0, Narrow klass range: 0x100000000

GC Precious Log:
 CPUs: 8 total, 8 available
 Memory: 6082M
 Large Page Support: Disabled
 NUMA Support: Disabled
 Compressed Oops: Enabled (32-bit)
 Heap Region Size: 1M
 Heap Min Capacity: 8M
 Heap Initial Capacity: 96M
 Heap Max Capacity: 1522M
 Pre-touch: Disabled
 Parallel Workers: 8
 Concurrent Workers: 2
 Concurrent Refinement Workers: 8
 Periodic GC: Disabled

Heap:
 garbage-first heap   total 98304K, used 14683K [0x00000000a0e00000, 0x0000000100000000)
  region size 1024K, 12 young (12288K), 3 survivors (3072K)
 Metaspace       used 11578K, committed 11776K, reserved 1064960K
  class space    used 1396K, committed 1536K, reserved 1048576K

Heap Regions: E=young(eden), S=young(survivor), O=old, HS=humongous(starts), HC=humongous(continues), CS=collection set, F=free, OA=open archive, CA=closed archive, TAMS=top-at-mark-start (previous, next)
|   0|0x00000000a0e00000, 0x00000000a0f00000, 0x00000000a0f00000|100%| O|  |TAMS 0x00000000a0e00000, 0x00000000a0e00000| Untracked 
|   1|0x00000000a0f00000, 0x00000000a1000000, 0x00000000a1000000|100%| O|  |TAMS 0x00000000a0f00000, 0x00000000a0f00000| Untracked 
|   2|0x00000000a1000000, 0x00000000a1100000, 0x00000000a1100000|100%| O|  |TAMS 0x00000000a1000000, 0x00000000a1000000| Untracked 
|   3|0x00000000a1100000, 0x00000000a11cee00, 0x00000000a1200000| 80%| O|  |TAMS 0x00000000a1100000, 0x00000000a1100000| Untracked 
|   4|0x00000000a1200000, 0x00000000a1200000, 0x00000000a1300000|  0%| F|  |TAMS 0x00000000a1200000, 0x00000000a1200000| Untracked 
|   5|0x00000000a1300000, 0x00000000a1300000, 0x00000000a1400000|  0%| F|  |TAMS 0x00000000a1300000, 0x00000000a1300000| Untracked 
|   6|0x00000000a1400000, 0x00000000a1400000, 0x00000000a1500000|  0%| F|  |TAMS 0x00000000a1400000, 0x00000000a1400000| Untracked 
|   7|0x00000000a1500000, 0x00000000a1500000, 0x00000000a1600000|  0%| F|  |TAMS 0x00000000a1500000, 0x00000000a1500000| Untracked 
|   8|0x00000000a1600000, 0x00000000a1600000, 0x00000000a1700000|  0%| F|  |TAMS 0x00000000a1600000, 0x00000000a1600000| Untracked 
|   9|0x00000000a1700000, 0x00000000a1700000, 0x00000000a1800000|  0%| F|  |TAMS 0x00000000a1700000, 0x00000000a1700000| Untracked 
|  10|0x00000000a1800000, 0x00000000a1800000, 0x00000000a1900000|  0%| F|  |TAMS 0x00000000a1800000, 0x00000000a1800000| Untracked 
|  11|0x00000000a1900000, 0x00000000a1900000, 0x00000000a1a00000|  0%| F|  |TAMS 0x00000000a1900000, 0x00000000a1900000| Untracked 
|  12|0x00000000a1a00000, 0x00000000a1a00000, 0x00000000a1b00000|  0%| F|  |TAMS 0x00000000a1a00000, 0x00000000a1a00000| Untracked 
|  13|0x00000000a1b00000, 0x00000000a1b00000, 0x00000000a1c00000|  0%| F|  |TAMS 0x00000000a1b00000, 0x00000000a1b00000| Untracked 
|  14|0x00000000a1c00000, 0x00000000a1c00000, 0x00000000a1d00000|  0%| F|  |TAMS 0x00000000a1c00000, 0x00000000a1c00000| Untracked 
|  15|0x00000000a1d00000, 0x00000000a1d00000, 0x00000000a1e00000|  0%| F|  |TAMS 0x00000000a1d00000, 0x00000000a1d00000| Untracked 
|  16|0x00000000a1e00000, 0x00000000a1e00000, 0x00000000a1f00000|  0%| F|  |TAMS 0x00000000a1e00000, 0x00000000a1e00000| Untracked 
|  17|0x00000000a1f00000, 0x00000000a1f00000, 0x00000000a2000000|  0%| F|  |TAMS 0x00000000a1f00000, 0x00000000a1f00000| Untracked 
|  18|0x00000000a2000000, 0x00000000a2000000, 0x00000000a2100000|  0%| F|  |TAMS 0x00000000a2000000, 0x00000000a2000000| Untracked 
|  19|0x00000000a2100000, 0x00000000a2100000, 0x00000000a2200000|  0%| F|  |TAMS 0x00000000a2100000, 0x00000000a2100000| Untracked 
|  20|0x00000000a2200000, 0x00000000a2200000, 0x00000000a2300000|  0%| F|  |TAMS 0x00000000a2200000, 0x00000000a2200000| Untracked 
|  21|0x00000000a2300000, 0x00000000a2300000, 0x00000000a2400000|  0%| F|  |TAMS 0x00000000a2300000, 0x00000000a2300000| Untracked 
|  22|0x00000000a2400000, 0x00000000a2400000, 0x00000000a2500000|  0%| F|  |TAMS 0x00000000a2400000, 0x00000000a2400000| Untracked 
|  23|0x00000000a2500000, 0x00000000a2500000, 0x00000000a2600000|  0%| F|  |TAMS 0x00000000a2500000, 0x00000000a2500000| Untracked 
|  24|0x00000000a2600000, 0x00000000a2600000, 0x00000000a2700000|  0%| F|  |TAMS 0x00000000a2600000, 0x00000000a2600000| Untracked 
|  25|0x00000000a2700000, 0x00000000a2700000, 0x00000000a2800000|  0%| F|  |TAMS 0x00000000a2700000, 0x00000000a2700000| Untracked 
|  26|0x00000000a2800000, 0x00000000a2800000, 0x00000000a2900000|  0%| F|  |TAMS 0x00000000a2800000, 0x00000000a2800000| Untracked 
|  27|0x00000000a2900000, 0x00000000a2900000, 0x00000000a2a00000|  0%| F|  |TAMS 0x00000000a2900000, 0x00000000a2900000| Untracked 
|  28|0x00000000a2a00000, 0x00000000a2a00000, 0x00000000a2b00000|  0%| F|  |TAMS 0x00000000a2a00000, 0x00000000a2a00000| Untracked 
|  29|0x00000000a2b00000, 0x00000000a2b00000, 0x00000000a2c00000|  0%| F|  |TAMS 0x00000000a2b00000, 0x00000000a2b00000| Untracked 
|  30|0x00000000a2c00000, 0x00000000a2c00000, 0x00000000a2d00000|  0%| F|  |TAMS 0x00000000a2c00000, 0x00000000a2c00000| Untracked 
|  31|0x00000000a2d00000, 0x00000000a2d00000, 0x00000000a2e00000|  0%| F|  |TAMS 0x00000000a2d00000, 0x00000000a2d00000| Untracked 
|  32|0x00000000a2e00000, 0x00000000a2e00000, 0x00000000a2f00000|  0%| F|  |TAMS 0x00000000a2e00000, 0x00000000a2e00000| Untracked 
|  33|0x00000000a2f00000, 0x00000000a2f00000, 0x00000000a3000000|  0%| F|  |TAMS 0x00000000a2f00000, 0x00000000a2f00000| Untracked 
|  34|0x00000000a3000000, 0x00000000a3000000, 0x00000000a3100000|  0%| F|  |TAMS 0x00000000a3000000, 0x00000000a3000000| Untracked 
|  35|0x00000000a3100000, 0x00000000a3100000, 0x00000000a3200000|  0%| F|  |TAMS 0x00000000a3100000, 0x00000000a3100000| Untracked 
|  36|0x00000000a3200000, 0x00000000a3200000, 0x00000000a3300000|  0%| F|  |TAMS 0x00000000a3200000, 0x00000000a3200000| Untracked 
|  37|0x00000000a3300000, 0x00000000a3300000, 0x00000000a3400000|  0%| F|  |TAMS 0x00000000a3300000, 0x00000000a3300000| Untracked 
|  38|0x00000000a3400000, 0x00000000a3400000, 0x00000000a3500000|  0%| F|  |TAMS 0x00000000a3400000, 0x00000000a3400000| Untracked 
|  39|0x00000000a3500000, 0x00000000a3500000, 0x00000000a3600000|  0%| F|  |TAMS 0x00000000a3500000, 0x00000000a3500000| Untracked 
|  40|0x00000000a3600000, 0x00000000a3600000, 0x00000000a3700000|  0%| F|  |TAMS 0x00000000a3600000, 0x00000000a3600000| Untracked 
|  41|0x00000000a3700000, 0x00000000a3700000, 0x00000000a3800000|  0%| F|  |TAMS 0x00000000a3700000, 0x00000000a3700000| Untracked 
|  42|0x00000000a3800000, 0x00000000a3800000, 0x00000000a3900000|  0%| F|  |TAMS 0x00000000a3800000, 0x00000000a3800000| Untracked 
|  43|0x00000000a3900000, 0x00000000a3900000, 0x00000000a3a00000|  0%| F|  |TAMS 0x00000000a3900000, 0x00000000a3900000| Untracked 
|  44|0x00000000a3a00000, 0x00000000a3a00000, 0x00000000a3b00000|  0%| F|  |TAMS 0x00000000a3a00000, 0x00000000a3a00000| Untracked 
|  45|0x00000000a3b00000, 0x00000000a3b00000, 0x00000000a3c00000|  0%| F|  |TAMS 0x00000000a3b00000, 0x00000000a3b00000| Untracked 
|  46|0x00000000a3c00000, 0x00000000a3c00000, 0x00000000a3d00000|  0%| F|  |TAMS 0x00000000a3c00000, 0x00000000a3c00000| Untracked 
|  47|0x00000000a3d00000, 0x00000000a3d00000, 0x00000000a3e00000|  0%| F|  |TAMS 0x00000000a3d00000, 0x00000000a3d00000| Untracked 
|  48|0x00000000a3e00000, 0x00000000a3e00000, 0x00000000a3f00000|  0%| F|  |TAMS 0x00000000a3e00000, 0x00000000a3e00000| Untracked 
|  49|0x00000000a3f00000, 0x00000000a3f00000, 0x00000000a4000000|  0%| F|  |TAMS 0x00000000a3f00000, 0x00000000a3f00000| Untracked 
|  50|0x00000000a4000000, 0x00000000a4000000, 0x00000000a4100000|  0%| F|  |TAMS 0x00000000a4000000, 0x00000000a4000000| Untracked 
|  51|0x00000000a4100000, 0x00000000a4100000, 0x00000000a4200000|  0%| F|  |TAMS 0x00000000a4100000, 0x00000000a4100000| Untracked 
|  52|0x00000000a4200000, 0x00000000a4200000, 0x00000000a4300000|  0%| F|  |TAMS 0x00000000a4200000, 0x00000000a4200000| Untracked 
|  53|0x00000000a4300000, 0x00000000a4300000, 0x00000000a4400000|  0%| F|  |TAMS 0x00000000a4300000, 0x00000000a4300000| Untracked 
|  54|0x00000000a4400000, 0x00000000a4400000, 0x00000000a4500000|  0%| F|  |TAMS 0x00000000a4400000, 0x00000000a4400000| Untracked 
|  55|0x00000000a4500000, 0x00000000a4500000, 0x00000000a4600000|  0%| F|  |TAMS 0x00000000a4500000, 0x00000000a4500000| Untracked 
|  56|0x00000000a4600000, 0x00000000a4600000, 0x00000000a4700000|  0%| F|  |TAMS 0x00000000a4600000, 0x00000000a4600000| Untracked 
|  57|0x00000000a4700000, 0x00000000a4700000, 0x00000000a4800000|  0%| F|  |TAMS 0x00000000a4700000, 0x00000000a4700000| Untracked 
|  58|0x00000000a4800000, 0x00000000a4800000, 0x00000000a4900000|  0%| F|  |TAMS 0x00000000a4800000, 0x00000000a4800000| Untracked 
|  59|0x00000000a4900000, 0x00000000a4900000, 0x00000000a4a00000|  0%| F|  |TAMS 0x00000000a4900000, 0x00000000a4900000| Untracked 
|  60|0x00000000a4a00000, 0x00000000a4a00000, 0x00000000a4b00000|  0%| F|  |TAMS 0x00000000a4a00000, 0x00000000a4a00000| Untracked 
|  61|0x00000000a4b00000, 0x00000000a4b87e60, 0x00000000a4c00000| 53%| S|CS|TAMS 0x00000000a4b00000, 0x00000000a4b00000| Complete 
|  62|0x00000000a4c00000, 0x00000000a4d00000, 0x00000000a4d00000|100%| S|CS|TAMS 0x00000000a4c00000, 0x00000000a4c00000| Complete 
|  63|0x00000000a4d00000, 0x00000000a4e00000, 0x00000000a4e00000|100%| S|CS|TAMS 0x00000000a4d00000, 0x00000000a4d00000| Complete 
|  64|0x00000000a4e00000, 0x00000000a4e00000, 0x00000000a4f00000|  0%| F|  |TAMS 0x00000000a4e00000, 0x00000000a4e00000| Untracked 
|  65|0x00000000a4f00000, 0x00000000a4f00000, 0x00000000a5000000|  0%| F|  |TAMS 0x00000000a4f00000, 0x00000000a4f00000| Untracked 
|  66|0x00000000a5000000, 0x00000000a5000000, 0x00000000a5100000|  0%| F|  |TAMS 0x00000000a5000000, 0x00000000a5000000| Untracked 
|  67|0x00000000a5100000, 0x00000000a5100000, 0x00000000a5200000|  0%| F|  |TAMS 0x00000000a5100000, 0x00000000a5100000| Untracked 
|  68|0x00000000a5200000, 0x00000000a5200000, 0x00000000a5300000|  0%| F|  |TAMS 0x00000000a5200000, 0x00000000a5200000| Untracked 
|  69|0x00000000a5300000, 0x00000000a5300000, 0x00000000a5400000|  0%| F|  |TAMS 0x00000000a5300000, 0x00000000a5300000| Untracked 
|  70|0x00000000a5400000, 0x00000000a5400000, 0x00000000a5500000|  0%| F|  |TAMS 0x00000000a5400000, 0x00000000a5400000| Untracked 
|  71|0x00000000a5500000, 0x00000000a5500000, 0x00000000a5600000|  0%| F|  |TAMS 0x00000000a5500000, 0x00000000a5500000| Untracked 
|  72|0x00000000a5600000, 0x00000000a5600000, 0x00000000a5700000|  0%| F|  |TAMS 0x00000000a5600000, 0x00000000a5600000| Untracked 
|  73|0x00000000a5700000, 0x00000000a5700000, 0x00000000a5800000|  0%| F|  |TAMS 0x00000000a5700000, 0x00000000a5700000| Untracked 
|  74|0x00000000a5800000, 0x00000000a5800000, 0x00000000a5900000|  0%| F|  |TAMS 0x00000000a5800000, 0x00000000a5800000| Untracked 
|  75|0x00000000a5900000, 0x00000000a5900000, 0x00000000a5a00000|  0%| F|  |TAMS 0x00000000a5900000, 0x00000000a5900000| Untracked 
|  76|0x00000000a5a00000, 0x00000000a5a00000, 0x00000000a5b00000|  0%| F|  |TAMS 0x00000000a5a00000, 0x00000000a5a00000| Untracked 
|  77|0x00000000a5b00000, 0x00000000a5b00000, 0x00000000a5c00000|  0%| F|  |TAMS 0x00000000a5b00000, 0x00000000a5b00000| Untracked 
|  78|0x00000000a5c00000, 0x00000000a5c00000, 0x00000000a5d00000|  0%| F|  |TAMS 0x00000000a5c00000, 0x00000000a5c00000| Untracked 
|  79|0x00000000a5d00000, 0x00000000a5d00000, 0x00000000a5e00000|  0%| F|  |TAMS 0x00000000a5d00000, 0x00000000a5d00000| Untracked 
|  80|0x00000000a5e00000, 0x00000000a5e00000, 0x00000000a5f00000|  0%| F|  |TAMS 0x00000000a5e00000, 0x00000000a5e00000| Untracked 
|  81|0x00000000a5f00000, 0x00000000a5f00000, 0x00000000a6000000|  0%| F|  |TAMS 0x00000000a5f00000, 0x00000000a5f00000| Untracked 
|  82|0x00000000a6000000, 0x00000000a6000000, 0x00000000a6100000|  0%| F|  |TAMS 0x00000000a6000000, 0x00000000a6000000| Untracked 
|  83|0x00000000a6100000, 0x00000000a6100000, 0x00000000a6200000|  0%| F|  |TAMS 0x00000000a6100000, 0x00000000a6100000| Untracked 
|  84|0x00000000a6200000, 0x00000000a6200000, 0x00000000a6300000|  0%| F|  |TAMS 0x00000000a6200000, 0x00000000a6200000| Untracked 
|  85|0x00000000a6300000, 0x00000000a6300000, 0x00000000a6400000|  0%| F|  |TAMS 0x00000000a6300000, 0x00000000a6300000| Untracked 
|  86|0x00000000a6400000, 0x00000000a6400000, 0x00000000a6500000|  0%| F|  |TAMS 0x00000000a6400000, 0x00000000a6400000| Untracked 
|  87|0x00000000a6500000, 0x00000000a6580800, 0x00000000a6600000| 50%| E|  |TAMS 0x00000000a6500000, 0x00000000a6500000| Complete 
|  88|0x00000000a6600000, 0x00000000a6700000, 0x00000000a6700000|100%| E|CS|TAMS 0x00000000a6600000, 0x00000000a6600000| Complete 
|  89|0x00000000a6700000, 0x00000000a6800000, 0x00000000a6800000|100%| E|CS|TAMS 0x00000000a6700000, 0x00000000a6700000| Complete 
|  90|0x00000000a6800000, 0x00000000a6900000, 0x00000000a6900000|100%| E|CS|TAMS 0x00000000a6800000, 0x00000000a6800000| Complete 
|  91|0x00000000a6900000, 0x00000000a6a00000, 0x00000000a6a00000|100%| E|CS|TAMS 0x00000000a6900000, 0x00000000a6900000| Complete 
|  92|0x00000000a6a00000, 0x00000000a6b00000, 0x00000000a6b00000|100%| E|CS|TAMS 0x00000000a6a00000, 0x00000000a6a00000| Complete 
|  93|0x00000000a6b00000, 0x00000000a6c00000, 0x00000000a6c00000|100%| E|CS|TAMS 0x00000000a6b00000, 0x00000000a6b00000| Complete 
|  94|0x00000000a6c00000, 0x00000000a6d00000, 0x00000000a6d00000|100%| E|CS|TAMS 0x00000000a6c00000, 0x00000000a6c00000| Complete 
|  95|0x00000000a6d00000, 0x00000000a6e00000, 0x00000000a6e00000|100%| E|CS|TAMS 0x00000000a6d00000, 0x00000000a6d00000| Complete 

Card table byte_map: [0x0000018d96cc0000,0x0000018d96fc0000] _byte_map_base: 0x0000018d967b9000

Marking Bits (Prev, Next): (CMBitMap*) 0x0000018dffdd23e0, (CMBitMap*) 0x0000018dffdd2420
 Prev Bits: [0x0000018d972c0000, 0x0000018d98a88000)
 Next Bits: [0x0000018d98a90000, 0x0000018d9a258000)

Polling page: 0x0000018dfdd80000

Metaspace:

Usage:
  Non-class:     10.03 MB used.
      Class:      1.37 MB used.
       Both:     11.40 MB used.

Virtual space:
  Non-class space:       16.00 MB reserved,      10.06 MB ( 63%) committed,  2 nodes.
      Class space:        1.00 GB reserved,       1.50 MB ( <1%) committed,  1 nodes.
             Both:        1.02 GB reserved,      11.56 MB (  1%) committed. 

Chunk freelists:
   Non-Class:  768.00 KB
       Class:  2.47 MB
        Both:  3.20 MB

MaxMetaspaceSize: unlimited
CompressedClassSpaceSize: 1.00 GB
Initial GC threshold: 21.00 MB
Current GC threshold: 21.00 MB
CDS: on
MetaspaceReclaimPolicy: balanced
 - commit_granule_bytes: 65536.
 - commit_granule_words: 8192.
 - virtual_space_node_default_size: 1048576.
 - enlarge_chunks_in_place: 1.
 - new_chunks_are_fully_committed: 0.
 - uncommit_free_chunks: 1.
 - use_allocation_guard: 0.
 - handle_deallocations: 1.


Internal statistics:

num_allocs_failed_limit: 0.
num_arena_births: 58.
num_arena_deaths: 0.
num_vsnodes_births: 3.
num_vsnodes_deaths: 0.
num_space_committed: 186.
num_space_uncommitted: 0.
num_chunks_returned_to_freelist: 0.
num_chunks_taken_from_freelist: 437.
num_chunk_merges: 0.
num_chunk_splits: 317.
num_chunks_enlarged: 252.
num_purges: 0.
num_inconsistent_stats: 0.

CodeHeap 'non-profiled nmethods': size=120000Kb used=792Kb max_used=792Kb free=119208Kb
 bounds [0x0000018d8f270000, 0x0000018d8f4e0000, 0x0000018d967a0000]
CodeHeap 'profiled nmethods': size=120000Kb used=3989Kb max_used=3989Kb free=116010Kb
 bounds [0x0000018d87d40000, 0x0000018d88130000, 0x0000018d8f270000]
CodeHeap 'non-nmethods': size=5760Kb used=1168Kb max_used=1197Kb free=4591Kb
 bounds [0x0000018d877a0000, 0x0000018d87a10000, 0x0000018d87d40000]
 total_blobs=2494 nmethods=2032 adapters=374
 compilation: enabled
              stopped_count=0, restarted_count=0
 full_count=0

Compilation events (20 events):
Event: 1.646 Thread 0x0000018d9cc51eb0 nmethod 2009 0x0000018d8810cf10 code [0x0000018d8810d120, 0x0000018d8810d8a8]
Event: 1.646 Thread 0x0000018d9cc51eb0 2007       3       org.eclipse.sisu.inject.LazyBeanEntry$JsrNamed::<init> (15 bytes)
Event: 1.646 Thread 0x0000018d9cc51eb0 nmethod 2007 0x0000018d8810db10 code [0x0000018d8810dcc0, 0x0000018d8810df48]
Event: 1.646 Thread 0x0000018d9cc51eb0 2000       3       java.lang.Long::equals (30 bytes)
Event: 1.646 Thread 0x0000018d9cc51eb0 nmethod 2000 0x0000018d8810e090 code [0x0000018d8810e240, 0x0000018d8810e638]
Event: 1.646 Thread 0x0000018d9cc51eb0 2010       3       java.lang.String::lastIndexOf (10 bytes)
Event: 1.646 Thread 0x0000018d9cc51eb0 nmethod 2010 0x0000018d8810e710 code [0x0000018d8810e8c0, 0x0000018d8810eb08]
Event: 1.646 Thread 0x0000018d9cc51eb0 2011       3       java.lang.String::lastIndexOf (18 bytes)
Event: 1.647 Thread 0x0000018d9cc51eb0 nmethod 2011 0x0000018d8810ec10 code [0x0000018d8810ede0, 0x0000018d8810f0a8]
Event: 1.647 Thread 0x0000018d9cc51eb0 2012       3       java.lang.String::lastIndexOf (104 bytes)
Event: 1.647 Thread 0x0000018d9cc51eb0 nmethod 2012 0x0000018d8810f210 code [0x0000018d8810f420, 0x0000018d8810f988]
Event: 1.654 Thread 0x0000018d9cc51eb0 2013       3       java.lang.StringLatin1::toChars (16 bytes)
Event: 1.654 Thread 0x0000018d9cc51eb0 nmethod 2013 0x0000018d8810fb90 code [0x0000018d8810fd40, 0x0000018d8810ff28]
Event: 1.654 Thread 0x0000018d9cc51eb0 2014       3       java.lang.StringUTF16::toChars (18 bytes)
Event: 1.655 Thread 0x0000018d9cc51eb0 nmethod 2014 0x0000018d88110010 code [0x0000018d881101c0, 0x0000018d881103a8]
Event: 1.655 Thread 0x0000018d9cc51eb0 2015       3       sun.nio.cs.UTF_8$Decoder::decodeArrayLoop (688 bytes)
Event: 1.658 Thread 0x0000018d9cc51eb0 nmethod 2015 0x0000018d88110490 code [0x0000018d88110cc0, 0x0000018d88115e38]
Event: 1.659 Thread 0x0000018d9cc49400 2016       4       java.lang.String::<init> (830 bytes)
Event: 1.659 Thread 0x0000018d9cc51eb0 2017       3       java.lang.StringUTF16::compress (59 bytes)
Event: 1.659 Thread 0x0000018d9cc51eb0 nmethod 2017 0x0000018d88117590 code [0x0000018d88117760, 0x0000018d88117aa8]

GC Heap History (4 events):
Event: 0.782 GC heap before
{Heap before GC invocations=0 (full 0):
 garbage-first heap   total 98304K, used 23552K [0x00000000a0e00000, 0x0000000100000000)
  region size 1024K, 23 young (23552K), 0 survivors (0K)
 Metaspace       used 5152K, committed 5312K, reserved 1056768K
  class space    used 599K, committed 640K, reserved 1048576K
}
Event: 0.789 GC heap after
{Heap after GC invocations=1 (full 0):
 garbage-first heap   total 98304K, used 3808K [0x00000000a0e00000, 0x0000000100000000)
  region size 1024K, 3 young (3072K), 3 survivors (3072K)
 Metaspace       used 5152K, committed 5312K, reserved 1056768K
  class space    used 599K, committed 640K, reserved 1048576K
}
Event: 1.473 GC heap before
{Heap before GC invocations=1 (full 0):
 garbage-first heap   total 98304K, used 33504K [0x00000000a0e00000, 0x0000000100000000)
  region size 1024K, 32 young (32768K), 3 survivors (3072K)
 Metaspace       used 9904K, committed 10048K, reserved 1064960K
  class space    used 1202K, committed 1280K, reserved 1048576K
}
Event: 1.481 GC heap after
{Heap after GC invocations=2 (full 0):
 garbage-first heap   total 98304K, used 6491K [0x00000000a0e00000, 0x0000000100000000)
  region size 1024K, 3 young (3072K), 3 survivors (3072K)
 Metaspace       used 9904K, committed 10048K, reserved 1064960K
  class space    used 1202K, committed 1280K, reserved 1048576K
}

Deoptimization events (20 events):
Event: 1.641 Thread 0x0000018dffd86a00 Uncommon trap: trap_request=0xffffff45 fr.pc=0x0000018d8f3340a8 relative=0x0000000000000328
Event: 1.641 Thread 0x0000018dffd86a00 Uncommon trap: reason=unstable_if action=reinterpret pc=0x0000018d8f3340a8 method=org.eclipse.sisu.inject.InjectorBindings.isAssignableFrom(Lcom/google/inject/TypeLiteral;Lcom/google/inject/Binding;)Z @ 14 c2
Event: 1.641 Thread 0x0000018dffd86a00 DEOPT PACKING pc=0x0000018d8f3340a8 sp=0x0000002971cfcf80
Event: 1.641 Thread 0x0000018dffd86a00 DEOPT UNPACKING pc=0x0000018d877f23a3 sp=0x0000002971cfcf40 mode 2
Event: 1.655 Thread 0x0000018dffd86a00 Uncommon trap: trap_request=0xffffff45 fr.pc=0x0000018d8f2d8260 relative=0x00000000000004a0
Event: 1.655 Thread 0x0000018dffd86a00 Uncommon trap: reason=unstable_if action=reinterpret pc=0x0000018d8f2d8260 method=java.lang.String.decodeASCII([BI[CII)I @ 7 c2
Event: 1.655 Thread 0x0000018dffd86a00 DEOPT PACKING pc=0x0000018d8f2d8260 sp=0x0000002971cfdb60
Event: 1.655 Thread 0x0000018dffd86a00 DEOPT UNPACKING pc=0x0000018d877f23a3 sp=0x0000002971cfd988 mode 2
Event: 1.656 Thread 0x0000018dffd86a00 Uncommon trap: trap_request=0xffffff45 fr.pc=0x0000018d8f2c9b84 relative=0x0000000000001fc4
Event: 1.656 Thread 0x0000018dffd86a00 Uncommon trap: reason=unstable_if action=reinterpret pc=0x0000018d8f2c9b84 method=sun.nio.cs.StreamDecoder.implRead([CII)I @ 36 c2
Event: 1.656 Thread 0x0000018dffd86a00 DEOPT PACKING pc=0x0000018d8f2c9b84 sp=0x0000002971cfdac0
Event: 1.656 Thread 0x0000018dffd86a00 DEOPT UNPACKING pc=0x0000018d877f23a3 sp=0x0000002971cfda50 mode 2
Event: 1.658 Thread 0x0000018dffd86a00 Uncommon trap: trap_request=0xffffff45 fr.pc=0x0000018d8f2d97ac relative=0x00000000000007ac
Event: 1.658 Thread 0x0000018dffd86a00 Uncommon trap: reason=unstable_if action=reinterpret pc=0x0000018d8f2d97ac method=sun.nio.cs.StreamDecoder.implRead([CII)I @ 36 c2
Event: 1.658 Thread 0x0000018dffd86a00 DEOPT PACKING pc=0x0000018d8f2d97ac sp=0x0000002971cfdb70
Event: 1.658 Thread 0x0000018dffd86a00 DEOPT UNPACKING pc=0x0000018d877f23a3 sp=0x0000002971cfdb50 mode 2
Event: 1.659 Thread 0x0000018dffd86a00 Uncommon trap: trap_request=0xffffff45 fr.pc=0x0000018d8f2c1c60 relative=0x0000000000000260
Event: 1.659 Thread 0x0000018dffd86a00 Uncommon trap: reason=unstable_if action=reinterpret pc=0x0000018d8f2c1c60 method=java.lang.String.decodeASCII([BI[CII)I @ 7 c2
Event: 1.659 Thread 0x0000018dffd86a00 DEOPT PACKING pc=0x0000018d8f2c1c60 sp=0x0000002971cfd920
Event: 1.659 Thread 0x0000018dffd86a00 DEOPT UNPACKING pc=0x0000018d877f23a3 sp=0x0000002971cfd820 mode 2

Classes unloaded (0 events):
No events

Classes redefined (0 events):
No events

Internal exceptions (15 events):
Event: 0.143 Thread 0x0000018d9d8e70b0 Exception <a 'java/lang/NoSuchMethodError'{0x00000000a6b7ad40}: 'java.lang.Object java.lang.invoke.DirectMethodHandle$Holder.invokeStaticInit(java.lang.Object)'> (0x00000000a6b7ad40) 
thrown [t:\workspace\open\src\hotspot\share\interpreter\linkResolver.cpp, line 766]
Event: 0.152 Thread 0x0000018d9d8e70b0 Exception <a 'java/lang/NoSuchMethodError'{0x00000000a6b88ed8}: 'void java.lang.invoke.DirectMethodHandle$Holder.invokeStatic(java.lang.Object, java.lang.Object)'> (0x00000000a6b88ed8) 
thrown [t:\workspace\open\src\hotspot\share\interpreter\linkResolver.cpp, line 766]
Event: 0.228 Thread 0x0000018dffd86a00 Exception <a 'java/lang/NullPointerException'{0x00000000a680bab8}> (0x00000000a680bab8) 
thrown [t:\workspace\open\src\hotspot\share\interpreter\linkResolver.cpp, line 1357]
Event: 0.277 Thread 0x0000018dffd86a00 Exception <a 'java/lang/NullPointerException'{0x00000000a688b218}> (0x00000000a688b218) 
thrown [t:\workspace\open\src\hotspot\share\interpreter\linkResolver.cpp, line 1357]
Event: 0.277 Thread 0x0000018dffd86a00 Exception <a 'java/lang/NullPointerException'{0x00000000a688b4f0}> (0x00000000a688b4f0) 
thrown [t:\workspace\open\src\hotspot\share\interpreter\linkResolver.cpp, line 1357]
Event: 0.277 Thread 0x0000018dffd86a00 Exception <a 'java/lang/NullPointerException'{0x00000000a688b7c8}> (0x00000000a688b7c8) 
thrown [t:\workspace\open\src\hotspot\share\interpreter\linkResolver.cpp, line 1357]
Event: 0.278 Thread 0x0000018dffd86a00 Exception <a 'java/lang/NullPointerException'{0x00000000a6891150}> (0x00000000a6891150) 
thrown [t:\workspace\open\src\hotspot\share\interpreter\linkResolver.cpp, line 1357]
Event: 0.280 Thread 0x0000018dffd86a00 Exception <a 'java/lang/NullPointerException'{0x00000000a68a6ab0}> (0x00000000a68a6ab0) 
thrown [t:\workspace\open\src\hotspot\share\interpreter\linkResolver.cpp, line 1357]
Event: 0.280 Thread 0x0000018dffd86a00 Exception <a 'java/lang/NullPointerException'{0x00000000a68a6d88}> (0x00000000a68a6d88) 
thrown [t:\workspace\open\src\hotspot\share\interpreter\linkResolver.cpp, line 1357]
Event: 0.280 Thread 0x0000018dffd86a00 Exception <a 'java/lang/NullPointerException'{0x00000000a68a7060}> (0x00000000a68a7060) 
thrown [t:\workspace\open\src\hotspot\share\interpreter\linkResolver.cpp, line 1357]
Event: 0.280 Thread 0x0000018dffd86a00 Exception <a 'java/lang/NullPointerException'{0x00000000a68a7338}> (0x00000000a68a7338) 
thrown [t:\workspace\open\src\hotspot\share\interpreter\linkResolver.cpp, line 1357]
Event: 0.653 Thread 0x0000018dffd86a00 Exception <a 'java/lang/NoSuchMethodError'{0x00000000a5ec6668}: 'java.lang.Object java.lang.invoke.DirectMethodHandle$Holder.newInvokeSpecial(java.lang.Object, java.lang.Object, java.lang.Object, java.lang.Object, java.lang.Object)'> (0x00000000a5ec6668) 
thrown [t:\workspace\open\src\hotspot\share\interpreter\linkResolver.cpp, line 766]
Event: 0.691 Thread 0x0000018dffd86a00 Exception <a 'java/lang/NoClassDefFoundError'{0x00000000a5c30660}: javax/enterprise/inject/Typed> (0x00000000a5c30660) 
thrown [t:\workspace\open\src\hotspot\share\classfile\systemDictionary.cpp, line 245]
Event: 1.519 Thread 0x0000018dffd86a00 Exception <a 'java/lang/NoClassDefFoundError'{0x00000000a6cbf3a8}: com/google/inject/servlet/ServletModuleTargetVisitor> (0x00000000a6cbf3a8) 
thrown [t:\workspace\open\src\hotspot\share\classfile\systemDictionary.cpp, line 245]
Event: 1.594 Thread 0x0000018dffd86a00 Exception <a 'java/lang/NoSuchMethodError'{0x00000000a6904560}: 'java.lang.Object java.lang.invoke.DirectMethodHandle$Holder.invokeStaticInit(java.lang.Object, int, int, int, int)'> (0x00000000a6904560) 
thrown [t:\workspace\open\src\hotspot\share\interpreter\linkResolver.cpp, line 766]

VM Operations (20 events):
Event: 0.781 Executing VM operation: G1CollectForAllocation
Event: 0.789 Executing VM operation: G1CollectForAllocation done
Event: 1.052 Executing VM operation: HandshakeAllThreads
Event: 1.052 Executing VM operation: HandshakeAllThreads done
Event: 1.219 Executing VM operation: HandshakeAllThreads
Event: 1.219 Executing VM operation: HandshakeAllThreads done
Event: 1.404 Executing VM operation: ICBufferFull
Event: 1.405 Executing VM operation: ICBufferFull done
Event: 1.405 Executing VM operation: HandshakeAllThreads
Event: 1.405 Executing VM operation: HandshakeAllThreads done
Event: 1.407 Executing VM operation: HandshakeAllThreads
Event: 1.407 Executing VM operation: HandshakeAllThreads done
Event: 1.472 Executing VM operation: G1CollectForAllocation
Event: 1.481 Executing VM operation: G1CollectForAllocation done
Event: 1.499 Executing VM operation: HandshakeAllThreads
Event: 1.499 Executing VM operation: HandshakeAllThreads done
Event: 1.580 Executing VM operation: HandshakeAllThreads
Event: 1.580 Executing VM operation: HandshakeAllThreads done
Event: 1.616 Executing VM operation: HandshakeAllThreads
Event: 1.616 Executing VM operation: HandshakeAllThreads done

Events (20 events):
Event: 1.592 loading class java/security/DrbgParameters$Capability
Event: 1.592 loading class java/security/DrbgParameters$Capability done
Event: 1.592 loading class sun/security/provider/MoreDrbgParameters
Event: 1.592 loading class sun/security/provider/MoreDrbgParameters done
Event: 1.592 loading class java/security/DrbgParameters
Event: 1.592 loading class java/security/DrbgParameters done
Event: 1.592 loading class java/security/DrbgParameters$Instantiation
Event: 1.593 loading class java/security/DrbgParameters$Instantiation done
Event: 1.593 loading class sun/security/provider/HashDrbg
Event: 1.593 loading class sun/security/provider/AbstractHashDrbg
Event: 1.593 loading class sun/security/provider/AbstractDrbg
Event: 1.593 loading class sun/security/provider/AbstractDrbg done
Event: 1.593 loading class sun/security/provider/AbstractHashDrbg done
Event: 1.593 loading class sun/security/provider/HashDrbg done
Event: 1.593 loading class sun/security/provider/EntropySource
Event: 1.593 loading class sun/security/provider/EntropySource done
Event: 1.596 loading class jdk/internal/reflect/UnsafeQualifiedObjectFieldAccessorImpl
Event: 1.596 loading class jdk/internal/reflect/UnsafeQualifiedFieldAccessorImpl
Event: 1.596 loading class jdk/internal/reflect/UnsafeQualifiedFieldAccessorImpl done
Event: 1.596 loading class jdk/internal/reflect/UnsafeQualifiedObjectFieldAccessorImpl done


Dynamic libraries:
0x00007ff678370000 - 0x00007ff678380000 	E:\java17\jdk-17_windows-x64_bin\jdk-17.0.3.1\bin\java.exe
0x00007ffbac730000 - 0x00007ffbac928000 	C:\WINDOWS\SYSTEM32\ntdll.dll
0x00007ffbac200000 - 0x00007ffbac2bf000 	C:\WINDOWS\System32\KERNEL32.DLL
0x00007ffbaa2b0000 - 0x00007ffbaa582000 	C:\WINDOWS\System32\KERNELBASE.dll
0x00007ffbaa070000 - 0x00007ffbaa170000 	C:\WINDOWS\System32\ucrtbase.dll
0x00007ffb93f20000 - 0x00007ffb93f3a000 	E:\java17\jdk-17_windows-x64_bin\jdk-17.0.3.1\bin\VCRUNTIME140.dll
0x00007ffb9a060000 - 0x00007ffb9a078000 	E:\java17\jdk-17_windows-x64_bin\jdk-17.0.3.1\bin\jli.dll
0x00007ffbac640000 - 0x00007ffbac6ee000 	C:\WINDOWS\System32\ADVAPI32.dll
0x00007ffbab4f0000 - 0x00007ffbab58e000 	C:\WINDOWS\System32\msvcrt.dll
0x00007ffbac2c0000 - 0x00007ffbac35c000 	C:\WINDOWS\System32\sechost.dll
0x00007ffbaaad0000 - 0x00007ffbaabf5000 	C:\WINDOWS\System32\RPCRT4.dll
0x00007ffbac050000 - 0x00007ffbac1f1000 	C:\WINDOWS\System32\USER32.dll
0x00007ffbaa170000 - 0x00007ffbaa192000 	C:\WINDOWS\System32\win32u.dll
0x00007ffbabfc0000 - 0x00007ffbabfeb000 	C:\WINDOWS\System32\GDI32.dll
0x00007ffbaa1a0000 - 0x00007ffbaa2af000 	C:\WINDOWS\System32\gdi32full.dll
0x00007ffba9ed0000 - 0x00007ffba9f6d000 	C:\WINDOWS\System32\msvcp_win.dll
0x00007ffb98940000 - 0x00007ffb98bda000 	C:\WINDOWS\WinSxS\amd64_microsoft.windows.common-controls_6595b64144ccf1df_6.0.19041.1110_none_60b5254171f9507e\COMCTL32.dll
0x00007ffba0490000 - 0x00007ffba049a000 	C:\WINDOWS\SYSTEM32\VERSION.dll
0x00007ffbac480000 - 0x00007ffbac4b2000 	C:\WINDOWS\System32\IMM32.DLL
0x00007ffb9ace0000 - 0x00007ffb9acec000 	E:\java17\jdk-17_windows-x64_bin\jdk-17.0.3.1\bin\vcruntime140_1.dll
0x00007ffb7d570000 - 0x00007ffb7d5fd000 	E:\java17\jdk-17_windows-x64_bin\jdk-17.0.3.1\bin\msvcp140.dll
0x00007ffb511e0000 - 0x00007ffb51da0000 	E:\java17\jdk-17_windows-x64_bin\jdk-17.0.3.1\bin\server\jvm.dll
0x00007ffbac630000 - 0x00007ffbac638000 	C:\WINDOWS\System32\PSAPI.DLL
0x00007ffba71e0000 - 0x00007ffba71e9000 	C:\WINDOWS\SYSTEM32\WSOCK32.dll
0x00007ffba0320000 - 0x00007ffba0347000 	C:\WINDOWS\SYSTEM32\WINMM.dll
0x00007ffbab620000 - 0x00007ffbab68b000 	C:\WINDOWS\System32\WS2_32.dll
0x00007ffba86a0000 - 0x00007ffba86b2000 	C:\WINDOWS\SYSTEM32\kernel.appcore.dll
0x00007ffb93f10000 - 0x00007ffb93f1a000 	E:\java17\jdk-17_windows-x64_bin\jdk-17.0.3.1\bin\jimage.dll
0x00007ffba8460000 - 0x00007ffba8644000 	C:\WINDOWS\SYSTEM32\DBGHELP.DLL
0x00007ffb9bef0000 - 0x00007ffb9bf25000 	C:\WINDOWS\SYSTEM32\dbgcore.DLL
0x00007ffba9fe0000 - 0x00007ffbaa062000 	C:\WINDOWS\System32\bcryptPrimitives.dll
0x00007ffba5620000 - 0x00007ffba562e000 	E:\java17\jdk-17_windows-x64_bin\jdk-17.0.3.1\bin\instrument.dll
0x00007ffb8ffa0000 - 0x00007ffb8ffc5000 	E:\java17\jdk-17_windows-x64_bin\jdk-17.0.3.1\bin\java.dll
0x00007ffb55cb0000 - 0x00007ffb55d86000 	E:\java17\jdk-17_windows-x64_bin\jdk-17.0.3.1\bin\jsvml.dll
0x00007ffbab870000 - 0x00007ffbabfb5000 	C:\WINDOWS\System32\SHELL32.dll
0x00007ffba7bf0000 - 0x00007ffba8382000 	C:\WINDOWS\SYSTEM32\windows.storage.dll
0x00007ffbaa770000 - 0x00007ffbaaac5000 	C:\WINDOWS\System32\combase.dll
0x00007ffba97a0000 - 0x00007ffba97d0000 	C:\WINDOWS\SYSTEM32\Wldp.dll
0x00007ffbab710000 - 0x00007ffbab7bd000 	C:\WINDOWS\System32\SHCORE.dll
0x00007ffbaaf50000 - 0x00007ffbaafa5000 	C:\WINDOWS\System32\shlwapi.dll
0x00007ffba9d60000 - 0x00007ffba9d7f000 	C:\WINDOWS\SYSTEM32\profapi.dll
0x00007ffb8fc50000 - 0x00007ffb8fc68000 	E:\java17\jdk-17_windows-x64_bin\jdk-17.0.3.1\bin\zip.dll
0x00007ffb93ef0000 - 0x00007ffb93f09000 	E:\java17\jdk-17_windows-x64_bin\jdk-17.0.3.1\bin\net.dll
0x00007ffba00a0000 - 0x00007ffba01ac000 	C:\WINDOWS\SYSTEM32\WINHTTP.dll
0x00007ffba9500000 - 0x00007ffba956a000 	C:\WINDOWS\system32\mswsock.dll
0x00007ffb8fc70000 - 0x00007ffb8fc86000 	E:\java17\jdk-17_windows-x64_bin\jdk-17.0.3.1\bin\nio.dll
0x00007ffb93f70000 - 0x00007ffb93f8a000 	E:\idea\IntelliJ IDEA Community Edition 2022.1.3\bin\breakgen64.dll
0x0000000069ac0000 - 0x0000000069ae4000 	C:\Users\lenovo\AppData\Local\Temp\jansi-2.4.0-6677641a732e22c7-jansi.dll
0x00007ffb8fa90000 - 0x00007ffb8faa0000 	E:\java17\jdk-17_windows-x64_bin\jdk-17.0.3.1\bin\verify.dll

dbghelp: loaded successfully - version: 4.0.5 - missing functions: none
symbol engine: initialized successfully - sym options: 0x614 - pdb path: .;E:\java17\jdk-17_windows-x64_bin\jdk-17.0.3.1\bin;C:\WINDOWS\SYSTEM32;C:\WINDOWS\WinSxS\amd64_microsoft.windows.common-controls_6595b64144ccf1df_6.0.19041.1110_none_60b5254171f9507e;E:\java17\jdk-17_windows-x64_bin\jdk-17.0.3.1\bin\server;E:\idea\IntelliJ IDEA Community Edition 2022.1.3\bin;C:\Users\lenovo\AppData\Local\Temp

VM Arguments:
jvm_args: -Dmaven.multiModuleProjectDirectory=E:\IdeaProject\crm\crm-mybatis-generator -Dmaven.home=D:\maven\apache-maven-3.8.5-bin\apache-maven-3.8.5 -Dclassworlds.conf=D:\maven\apache-maven-3.8.5-bin\apache-maven-3.8.5\bin\m2.conf -Dmaven.ext.class.path=E:\idea\IntelliJ IDEA Community Edition 2022.1.3\plugins\maven\lib\maven-event-listener.jar -javaagent:E:\idea\IntelliJ IDEA Community Edition 2022.1.3\lib\idea_rt.jar=55294:E:\idea\IntelliJ IDEA Community Edition 2022.1.3\bin -Dfile.encoding=UTF-8 
java_command: org.codehaus.classworlds.Launcher -Didea.version=2022.1.3 -s D:\maven\apache-maven-3.8.5-bin\apache-maven-3.8.5\conf\settings.xml org.mybatis.generator:mybatis-generator-maven-plugin:1.3.2:generate
java_class_path (initial): D:\maven\apache-maven-3.8.5-bin\apache-maven-3.8.5\boot\plexus-classworlds-2.6.0.jar;D:\maven\apache-maven-3.8.5-bin\apache-maven-3.8.5\boot\plexus-classworlds.license
Launcher Type: SUN_STANDARD

[Global flags]
     intx CICompilerCount                          = 4                                         {product} {ergonomic}
     uint ConcGCThreads                            = 2                                         {product} {ergonomic}
     uint G1ConcRefinementThreads                  = 8                                         {product} {ergonomic}
   size_t G1HeapRegionSize                         = 1048576                                   {product} {ergonomic}
    uintx GCDrainStackTargetSize                   = 64                                        {product} {ergonomic}
   size_t InitialHeapSize                          = 100663296                                 {product} {ergonomic}
   size_t MarkStackSize                            = 4194304                                   {product} {ergonomic}
   size_t MaxHeapSize                              = 1595932672                                {product} {ergonomic}
   size_t MaxNewSize                               = 957349888                                 {product} {ergonomic}
   size_t MinHeapDeltaBytes                        = 1048576                                   {product} {ergonomic}
   size_t MinHeapSize                              = 8388608                                   {product} {ergonomic}
    uintx NonNMethodCodeHeapSize                   = 5839372                                {pd product} {ergonomic}
    uintx NonProfiledCodeHeapSize                  = 122909434                              {pd product} {ergonomic}
    uintx ProfiledCodeHeapSize                     = 122909434                              {pd product} {ergonomic}
    uintx ReservedCodeCacheSize                    = 251658240                              {pd product} {ergonomic}
     bool SegmentedCodeCache                       = true                                      {product} {ergonomic}
   size_t SoftMaxHeapSize                          = 1595932672                             {manageable} {ergonomic}
     bool UseCompressedClassPointers               = true                           {product lp64_product} {ergonomic}
     bool UseCompressedOops                        = true                           {product lp64_product} {ergonomic}
     bool UseG1GC                                  = true                                      {product} {ergonomic}
     bool UseLargePagesIndividualAllocation        = false                                  {pd product} {ergonomic}

Logging:
Log output configuration:
 #0: stdout all=warning uptime,level,tags
 #1: stderr all=off uptime,level,tags

Environment Variables:
JAVA_HOME=E:\java17\jdk-17_windows-x64_bin\jdk-17.0.3.1
CLASSPATH=.;%JAVA_HOME%\lib;%JRE_HOME%\lib
PATH=E:\java17\jdk-17_windows-x64_bin\jdk-17.0.3.1\bin;E:\java17\jdk-17_windows-x64_bin\jdk-17.0.3.1\jre\bin;C:\Program Files (x86)\Common Files\Oracle\Java\javapath;F:\Linux\xshell\;C:\WINDOWS\system32;C:\WINDOWS;C:\WINDOWS\System32\Wbem;C:\WINDOWS\System32\WindowsPowerShell\v1.0\;C:\WINDOWS\System32\OpenSSH\;E:\java17\jdk-17_windows-x64_bin\jdk-17.0.3.1\bin;F:\winscp\WinSCP\;E:\git\Git\cmd;D:\php\xampp\mysql\bin;D:\maven\apache-maven-3.8.5-bin\apache-maven-3.8.5\bin;D:\gradle\gradle-7.4.2-all\gradle-7.4.2\bin;E:\groovy\apache-groovy-binary-4.0.3\groovy-4.0.3\bin;D:\JD-gui\jad158g.win;D:\curl\curl-7.84.0_8-win64-mingw\curl-7.84.0_8-win64-mingw\bin;D:\nodejs\;D:\OpenSSL\OpenSSL-Win64\bin;D:\SpringBootCli\spring-boot-cli-2.4.5-bin\spring-2.4.5\bin;D:\python\Scripts\;D:\python\;C:\Users\lenovo\AppData\Local\Microsoft\WindowsApps;D:\python\Test\CrawlerTest\chromedriver_win32;D:\pycharm\PyCharm Community Edition 2021.2\bin;C:\Users\lenovo\AppData\Roaming\npm
USERNAME=lenovo
OS=Windows_NT
PROCESSOR_IDENTIFIER=AMD64 Family 23 Model 24 Stepping 1, AuthenticAMD



---------------  S Y S T E M  ---------------

OS:
 Windows 10 , 64 bit Build 19041 (10.0.19041.2546)
OS uptime: 0 days 2:43 hours

CPU: total 8 (initial active 8) (8 cores per cpu, 2 threads per core) family 23 model 24 stepping 1 microcode 0x0, cx8, cmov, fxsr, ht, mmx, 3dnowpref, sse, sse2, sse3, ssse3, sse4a, sse4.1, sse4.2, popcnt, lzcnt, tsc, tscinvbit, avx, avx2, aes, clmul, bmi1, bmi2, adx, sha, fma, vzeroupper, clflush, clflushopt

Memory: 4k page, system-wide physical 6082M (425M free)
TotalPageFile size 18882M (AvailPageFile size 4M)
current process WorkingSet (physical memory assigned to process): 105M, peak: 105M
current process commit charge ("private bytes"): 208M, peak: 208M

vm_info: Java HotSpot(TM) 64-Bit Server VM (17.0.3.1+2-LTS-6) for windows-amd64 JRE (17.0.3.1+2-LTS-6), built on Apr 25 2022 22:04:21 by "mach5one" with MS VC++ 16.8 / 16.9 (VS2019)

END.
